Connecting to database specified by database.yml
  [1m[36m (0.2ms)[0m  [1mselect sqlite_version(*)[0m
  [1m[35m (99.7ms)[0m  CREATE TABLE "schema_migrations" ("version" varchar(255) NOT NULL) 
  [1m[36m (194.8ms)[0m  [1mCREATE UNIQUE INDEX "unique_schema_migrations" ON "schema_migrations" ("version")[0m
  [1m[35m (121.7ms)[0m  SELECT "schema_migrations"."version" FROM "schema_migrations" 
Migrating to CreateMovies (20111119180638)
  [1m[36m (0.1ms)[0m  [1mbegin transaction[0m
  [1m[35m (64.2ms)[0m  CREATE TABLE "movies" ("id" INTEGER PRIMARY KEY AUTOINCREMENT NOT NULL, "title" varchar(255), "rating" varchar(255), "description" text, "release_date" datetime, "created_at" datetime NOT NULL, "updated_at" datetime NOT NULL) 
  [1m[36m (0.2ms)[0m  [1mINSERT INTO "schema_migrations" ("version") VALUES ('20111119180638')[0m
  [1m[35m (39.8ms)[0m  commit transaction
  [1m[36m (0.2ms)[0m  [1mSELECT "schema_migrations"."version" FROM "schema_migrations" [0m
Connecting to database specified by database.yml
  [1m[36m (3.2ms)[0m  [1mSELECT "schema_migrations"."version" FROM "schema_migrations" [0m
  [1m[35m (0.1ms)[0m  begin transaction
  [1m[36mSQL (54.8ms)[0m  [1mINSERT INTO "movies" ("created_at", "description", "rating", "release_date", "title", "updated_at") VALUES (?, ?, ?, ?, ?, ?)[0m  [["created_at", Tue, 20 May 2014 13:10:32 UTC +00:00], ["description", nil], ["rating", "G"], ["release_date", Wed, 25 Nov 1992 00:00:00 UTC +00:00], ["title", "Aladdin"], ["updated_at", Tue, 20 May 2014 13:10:32 UTC +00:00]]
  [1m[35m (37.4ms)[0m  commit transaction
  [1m[36m (0.1ms)[0m  [1mbegin transaction[0m
  [1m[35mSQL (49.2ms)[0m  INSERT INTO "movies" ("created_at", "description", "rating", "release_date", "title", "updated_at") VALUES (?, ?, ?, ?, ?, ?)  [["created_at", Tue, 20 May 2014 13:10:32 UTC +00:00], ["description", nil], ["rating", "R"], ["release_date", Fri, 26 Oct 1984 00:00:00 UTC +00:00], ["title", "The Terminator"], ["updated_at", Tue, 20 May 2014 13:10:32 UTC +00:00]]
  [1m[36m (26.5ms)[0m  [1mcommit transaction[0m
  [1m[35m (0.1ms)[0m  begin transaction
  [1m[36mSQL (5.8ms)[0m  [1mINSERT INTO "movies" ("created_at", "description", "rating", "release_date", "title", "updated_at") VALUES (?, ?, ?, ?, ?, ?)[0m  [["created_at", Tue, 20 May 2014 13:10:32 UTC +00:00], ["description", nil], ["rating", "R"], ["release_date", Fri, 21 Jul 1989 00:00:00 UTC +00:00], ["title", "When Harry Met Sally"], ["updated_at", Tue, 20 May 2014 13:10:32 UTC +00:00]]
  [1m[35m (8.1ms)[0m  commit transaction
  [1m[36m (0.1ms)[0m  [1mbegin transaction[0m
  [1m[35mSQL (62.8ms)[0m  INSERT INTO "movies" ("created_at", "description", "rating", "release_date", "title", "updated_at") VALUES (?, ?, ?, ?, ?, ?)  [["created_at", Tue, 20 May 2014 13:10:32 UTC +00:00], ["description", nil], ["rating", "PG-13"], ["release_date", Wed, 10 Aug 2011 00:00:00 UTC +00:00], ["title", "The Help"], ["updated_at", Tue, 20 May 2014 13:10:32 UTC +00:00]]
  [1m[36m (15.2ms)[0m  [1mcommit transaction[0m
  [1m[35m (0.1ms)[0m  begin transaction
  [1m[36mSQL (12.2ms)[0m  [1mINSERT INTO "movies" ("created_at", "description", "rating", "release_date", "title", "updated_at") VALUES (?, ?, ?, ?, ?, ?)[0m  [["created_at", Tue, 20 May 2014 13:10:32 UTC +00:00], ["description", nil], ["rating", "PG-13"], ["release_date", Fri, 05 Jan 2001 00:00:00 UTC +00:00], ["title", "Chocolat"], ["updated_at", Tue, 20 May 2014 13:10:32 UTC +00:00]]
  [1m[35m (7.5ms)[0m  commit transaction
  [1m[36m (0.1ms)[0m  [1mbegin transaction[0m
  [1m[35mSQL (7.1ms)[0m  INSERT INTO "movies" ("created_at", "description", "rating", "release_date", "title", "updated_at") VALUES (?, ?, ?, ?, ?, ?)  [["created_at", Tue, 20 May 2014 13:10:32 UTC +00:00], ["description", nil], ["rating", "R"], ["release_date", Wed, 25 Apr 2001 00:00:00 UTC +00:00], ["title", "Amelie"], ["updated_at", Tue, 20 May 2014 13:10:32 UTC +00:00]]
  [1m[36m (4.3ms)[0m  [1mcommit transaction[0m
  [1m[35m (0.1ms)[0m  begin transaction
  [1m[36mSQL (18.4ms)[0m  [1mINSERT INTO "movies" ("created_at", "description", "rating", "release_date", "title", "updated_at") VALUES (?, ?, ?, ?, ?, ?)[0m  [["created_at", Tue, 20 May 2014 13:10:32 UTC +00:00], ["description", nil], ["rating", "G"], ["release_date", Sat, 06 Apr 1968 00:00:00 UTC +00:00], ["title", "2001: A Space Odyssey"], ["updated_at", Tue, 20 May 2014 13:10:32 UTC +00:00]]
  [1m[35m (80.8ms)[0m  commit transaction
  [1m[36m (0.1ms)[0m  [1mbegin transaction[0m
  [1m[35mSQL (5.3ms)[0m  INSERT INTO "movies" ("created_at", "description", "rating", "release_date", "title", "updated_at") VALUES (?, ?, ?, ?, ?, ?)  [["created_at", Tue, 20 May 2014 13:10:32 UTC +00:00], ["description", nil], ["rating", "PG"], ["release_date", Fri, 05 Nov 2004 00:00:00 UTC +00:00], ["title", "The Incredibles"], ["updated_at", Tue, 20 May 2014 13:10:32 UTC +00:00]]
  [1m[36m (29.3ms)[0m  [1mcommit transaction[0m
  [1m[35m (0.1ms)[0m  begin transaction
  [1m[36mSQL (8.9ms)[0m  [1mINSERT INTO "movies" ("created_at", "description", "rating", "release_date", "title", "updated_at") VALUES (?, ?, ?, ?, ?, ?)[0m  [["created_at", Tue, 20 May 2014 13:10:33 UTC +00:00], ["description", nil], ["rating", "PG"], ["release_date", Fri, 12 Jun 1981 00:00:00 UTC +00:00], ["title", "Raiders of the Lost Ark"], ["updated_at", Tue, 20 May 2014 13:10:33 UTC +00:00]]
  [1m[35m (14.9ms)[0m  commit transaction
  [1m[36m (0.1ms)[0m  [1mbegin transaction[0m
  [1m[35mSQL (9.1ms)[0m  INSERT INTO "movies" ("created_at", "description", "rating", "release_date", "title", "updated_at") VALUES (?, ?, ?, ?, ?, ?)  [["created_at", Tue, 20 May 2014 13:10:33 UTC +00:00], ["description", nil], ["rating", "G"], ["release_date", Wed, 21 Jun 2000 00:00:00 UTC +00:00], ["title", "Chicken Run"], ["updated_at", Tue, 20 May 2014 13:10:33 UTC +00:00]]
  [1m[36m (76.0ms)[0m  [1mcommit transaction[0m


Started GET "/assets/rails.png" for 127.6.60.1 at 2014-05-20 09:12:45 -0400
Connecting to database specified by database.yml
Served asset /rails.png - 200 OK (1342ms)


Started GET "/movies" for 127.6.60.1 at 2014-05-20 09:13:06 -0400
Processing by MoviesController#index as HTML
  [1m[36mMovie Load (0.2ms)[0m  [1mSELECT "movies".* FROM "movies" [0m
  Rendered movies/index.html.haml within layouts/application (32.0ms)
Compiled application.css  (0ms)  (pid 161108)
Compiled jquery.js  (5ms)  (pid 161108)
Compiled jquery_ujs.js  (0ms)  (pid 161108)
Compiled application.js  (372ms)  (pid 161108)
Completed 200 OK in 1649.7ms (Views: 1200.4ms | ActiveRecord: 28.7ms)


Started GET "/assets/jquery_ujs.js?body=1" for 127.6.60.1 at 2014-05-20 09:13:09 -0400
Served asset /jquery_ujs.js - 200 OK (11ms)


Started GET "/assets/jquery.js?body=1" for 127.6.60.1 at 2014-05-20 09:13:09 -0400
Served asset /jquery.js - 200 OK (18ms)


Started GET "/assets/application.css?body=1" for 127.6.60.1 at 2014-05-20 09:13:09 -0400
Served asset /application.css - 200 OK (4ms)


Started GET "/assets/application.js?body=1" for 127.6.60.1 at 2014-05-20 09:13:09 -0400
Served asset /application.js - 200 OK (11ms)


Started GET "/movies" for 127.6.60.1 at 2014-05-20 09:14:23 -0400
Processing by MoviesController#index as HTML
  [1m[35mMovie Load (0.3ms)[0m  SELECT "movies".* FROM "movies" 
  Rendered movies/index.html.haml within layouts/application (8.3ms)
Compiled application.css  (0ms)  (pid 161108)
Completed 200 OK in 193.0ms (Views: 191.1ms | ActiveRecord: 0.3ms)


Started GET "/assets/jquery.js?body=1" for 127.6.60.1 at 2014-05-20 09:14:24 -0400
Served asset /jquery.js - 304 Not Modified (1ms)


Started GET "/assets/application.js?body=1" for 127.6.60.1 at 2014-05-20 09:14:24 -0400
Served asset /application.js - 304 Not Modified (1ms)


Started GET "/assets/application.css?body=1" for 127.6.60.1 at 2014-05-20 09:14:25 -0400
Served asset /application.css - 200 OK (2ms)


Started GET "/assets/jquery_ujs.js?body=1" for 127.6.60.1 at 2014-05-20 09:14:25 -0400
Served asset /jquery_ujs.js - 304 Not Modified (0ms)


Started GET "/movies" for 127.6.60.1 at 2014-05-20 09:14:57 -0400
Processing by MoviesController#index as HTML
  [1m[36mMovie Load (0.4ms)[0m  [1mSELECT "movies".* FROM "movies" [0m
  Rendered movies/index.html.haml within layouts/application (12.3ms)
Completed 200 OK in 21.6ms (Views: 19.0ms | ActiveRecord: 0.4ms)


Started GET "/assets/application.js?body=1" for 127.6.60.1 at 2014-05-20 09:14:58 -0400
Served asset /application.js - 304 Not Modified (1ms)


Started GET "/assets/jquery.js?body=1" for 127.6.60.1 at 2014-05-20 09:14:58 -0400
Served asset /jquery.js - 304 Not Modified (11ms)


Started GET "/assets/application.css?body=1" for 127.6.60.1 at 2014-05-20 09:14:58 -0400
Served asset /application.css - 304 Not Modified (0ms)


Started GET "/assets/jquery_ujs.js?body=1" for 127.6.60.1 at 2014-05-20 09:14:58 -0400
Served asset /jquery_ujs.js - 304 Not Modified (0ms)


Started GET "/movies" for 127.6.60.1 at 2014-05-20 09:15:10 -0400
Processing by MoviesController#index as HTML
  [1m[35mMovie Load (0.4ms)[0m  SELECT "movies".* FROM "movies" 
  Rendered movies/index.html.haml within layouts/application (68.1ms)
Completed 200 OK in 174.2ms (Views: 165.0ms | ActiveRecord: 0.4ms)


Started GET "/assets/jquery_ujs.js?body=1" for 127.6.60.1 at 2014-05-20 09:15:10 -0400
Served asset /jquery_ujs.js - 304 Not Modified (0ms)


Started GET "/assets/jquery.js?body=1" for 127.6.60.1 at 2014-05-20 09:15:10 -0400
Served asset /jquery.js - 304 Not Modified (1ms)


Started GET "/assets/application.js?body=1" for 127.6.60.1 at 2014-05-20 09:15:11 -0400
Served asset /application.js - 304 Not Modified (4ms)


Started GET "/assets/application.css?body=1" for 127.6.60.1 at 2014-05-20 09:15:11 -0400
Served asset /application.css - 304 Not Modified (0ms)


Started GET "/movies" for 127.6.60.1 at 2014-05-20 09:15:25 -0400
Processing by MoviesController#index as HTML
  [1m[36mMovie Load (0.4ms)[0m  [1mSELECT "movies".* FROM "movies" [0m
  Rendered movies/index.html.haml within layouts/application (198.3ms)
Completed 200 OK in 226.3ms (Views: 219.8ms | ActiveRecord: 0.4ms)


Started GET "/assets/application.css?body=1" for 127.6.60.1 at 2014-05-20 09:15:26 -0400
Served asset /application.css - 304 Not Modified (0ms)


Started GET "/assets/jquery.js?body=1" for 127.6.60.1 at 2014-05-20 09:15:26 -0400
Served asset /jquery.js - 304 Not Modified (1ms)


Started GET "/assets/application.js?body=1" for 127.6.60.1 at 2014-05-20 09:15:27 -0400
Served asset /application.js - 304 Not Modified (1ms)


Started GET "/assets/jquery_ujs.js?body=1" for 127.6.60.1 at 2014-05-20 09:15:27 -0400
Served asset /jquery_ujs.js - 304 Not Modified (0ms)


Started GET "/movies" for 127.6.60.1 at 2014-05-20 09:16:39 -0400
Processing by MoviesController#index as HTML
  [1m[35mMovie Load (0.3ms)[0m  SELECT "movies".* FROM "movies" 
ERROR: compiling _app_views_movies_index_html_haml__4522835718597374266_70184266687980 RAISED /var/lib/stickshift/53794e38500446455700004e/app-root/data/866781/app/views/movies/index.html.haml:8: unknown regexp options - thad
/var/lib/stickshift/53794e38500446455700004e/app-root/data/866781/app/views/movies/index.html.haml:8: syntax error, unexpected $undefined
...fo</th>\n    </tr>\n  </thead>\n  <tbody>\n", -1, false);
...                               ^
/var/lib/stickshift/53794e38500446455700004e/app-root/data/866781/app/views/movies/index.html.haml:8: syntax error, unexpected $undefined
...  </tr>\n  </thead>\n  <tbody>\n", -1, false);
...                               ^
/var/lib/stickshift/53794e38500446455700004e/app-root/data/866781/app/views/movies/index.html.haml:13: syntax error, unexpected $undefined
_hamlout.push_text("    <tr>\n      <td>#{_hamlout.adjust_tabs(2); 
                             ^
/var/lib/stickshift/53794e38500446455700004e/app-root/data/866781/app/views/movies/index.html.haml:21: syntax error, unexpected keyword_ensure, expecting $end
Function body:           def _app_views_movies_index_html_haml__4522835718597374266_70184266687980(local_assigns, output_buffer)
            _old_virtual_path, @virtual_path = @virtual_path, "movies/index";_old_output_buffer = @output_buffer;;begin;extend Haml::Helpers;_hamlout = @haml_buffer = Haml::Buffer.new(haml_buffer, {:autoclose=>["area", "base", "basefont", "br", "col", "command", "embed", "frame", "hr", "img", "input", "isindex", "keygen", "link", "menuitem", "meta", "param", "source", "track", "wbr"], :preserve=>["textarea", "pre", "code"], :attr_wrapper=>"'", :ugly=>false, :format=>:html5, :encoding=>"UTF-8", :escape_html=>true, :escape_attrs=>true, :hyphenate_data_attrs=>true, :cdata=>false});_erbout = _hamlout.buffer;@output_buffer = output_buffer ||= ActionView::OutputBuffer.new rescue nil;;_hamlout.push_text("<h1>All Movies</h1>\n<table id='movies'>\n  <thead>\n    <tr>\n      <th>#{_hamlout.adjust_tabs(4); 





_hamlout.format_script_false_true_false_true_false_true_false((link_to "Movie Title", movies_path(:tipo:ordenacion => 'title'), id: 'title header'
));}</th>\n      <th>Rating</th>\n      <th>Release Date</th>\n      <th>More Info</th>\n    </tr>\n  </thead>\n  <tbody>\n", -1, false);



 @movies.each do |movie|
_hamlout.push_text("    <tr>\n      <td>#{_hamlout.adjust_tabs(2); 
_hamlout.format_script_false_true_false_true_false_true_false((movie.title
));}</td>\n      <td>#{_hamlout.adjust_tabs(1); _hamlout.format_script_false_true_false_true_false_true_false((movie.rating
));}</td>\n      <td>#{_hamlout.adjust_tabs(1); _hamlout.format_script_false_true_false_true_false_true_false((movie.release_date
));}</td>\n      <td>#{_hamlout.adjust_tabs(1); _hamlout.format_script_false_true_false_true_false_true_false((link_to "More about #{movie.title}", movie_path(movie)
));}</td>\n    </tr>\n", -1, false);end;_hamlout.push_text("  </tbody>\n</table>\n#{_hamlout.adjust_tabs(-2); 
_hamlout.format_script_false_false_false_true_false_true_false(( link_to 'Add new movie', new_movie_path
));}\n", 0, false);::Haml::Util.html_safe(_erbout);ensure;@haml_buffer = @haml_buffer.upper if @haml_buffer;end;
          ensure
            @virtual_path, @output_buffer = _old_virtual_path, _old_output_buffer
          end

Backtrace: /var/lib/stickshift/53794e38500446455700004e/app-root/data/lib/ruby/gems/gems/actionpack-3.2.18/lib/action_view/template.rb:297:in `module_eval'
/var/lib/stickshift/53794e38500446455700004e/app-root/data/lib/ruby/gems/gems/actionpack-3.2.18/lib/action_view/template.rb:297:in `compile'
/var/lib/stickshift/53794e38500446455700004e/app-root/data/lib/ruby/gems/gems/actionpack-3.2.18/lib/action_view/template.rb:244:in `block in compile!'
<internal:prelude>:10:in `synchronize'
/var/lib/stickshift/53794e38500446455700004e/app-root/data/lib/ruby/gems/gems/actionpack-3.2.18/lib/action_view/template.rb:232:in `compile!'
/var/lib/stickshift/53794e38500446455700004e/app-root/data/lib/ruby/gems/gems/actionpack-3.2.18/lib/action_view/template.rb:144:in `block in render'
/var/lib/stickshift/53794e38500446455700004e/app-root/data/lib/ruby/gems/gems/activesupport-3.2.18/lib/active_support/notifications.rb:125:in `instrument'
/var/lib/stickshift/53794e38500446455700004e/app-root/data/lib/ruby/gems/gems/actionpack-3.2.18/lib/action_view/template.rb:143:in `render'
/var/lib/stickshift/53794e38500446455700004e/app-root/data/lib/ruby/gems/gems/actionpack-3.2.18/lib/action_view/renderer/template_renderer.rb:47:in `block (2 levels) in render_template'
/var/lib/stickshift/53794e38500446455700004e/app-root/data/lib/ruby/gems/gems/actionpack-3.2.18/lib/action_view/renderer/abstract_renderer.rb:38:in `block in instrument'
/var/lib/stickshift/53794e38500446455700004e/app-root/data/lib/ruby/gems/gems/activesupport-3.2.18/lib/active_support/notifications.rb:123:in `block in instrument'
/var/lib/stickshift/53794e38500446455700004e/app-root/data/lib/ruby/gems/gems/activesupport-3.2.18/lib/active_support/notifications/instrumenter.rb:20:in `instrument'
/var/lib/stickshift/53794e38500446455700004e/app-root/data/lib/ruby/gems/gems/activesupport-3.2.18/lib/active_support/notifications.rb:123:in `instrument'
/var/lib/stickshift/53794e38500446455700004e/app-root/data/lib/ruby/gems/gems/actionpack-3.2.18/lib/action_view/renderer/abstract_renderer.rb:38:in `instrument'
/var/lib/stickshift/53794e38500446455700004e/app-root/data/lib/ruby/gems/gems/actionpack-3.2.18/lib/action_view/renderer/template_renderer.rb:46:in `block in render_template'
/var/lib/stickshift/53794e38500446455700004e/app-root/data/lib/ruby/gems/gems/actionpack-3.2.18/lib/action_view/renderer/template_renderer.rb:54:in `render_with_layout'
/var/lib/stickshift/53794e38500446455700004e/app-root/data/lib/ruby/gems/gems/actionpack-3.2.18/lib/action_view/renderer/template_renderer.rb:45:in `render_template'
/var/lib/stickshift/53794e38500446455700004e/app-root/data/lib/ruby/gems/gems/actionpack-3.2.18/lib/action_view/renderer/template_renderer.rb:18:in `render'
/var/lib/stickshift/53794e38500446455700004e/app-root/data/lib/ruby/gems/gems/actionpack-3.2.18/lib/action_view/renderer/renderer.rb:36:in `render_template'
/var/lib/stickshift/53794e38500446455700004e/app-root/data/lib/ruby/gems/gems/actionpack-3.2.18/lib/action_view/renderer/renderer.rb:17:in `render'
/var/lib/stickshift/53794e38500446455700004e/app-root/data/lib/ruby/gems/gems/actionpack-3.2.18/lib/abstract_controller/rendering.rb:110:in `_render_template'
/var/lib/stickshift/53794e38500446455700004e/app-root/data/lib/ruby/gems/gems/actionpack-3.2.18/lib/action_controller/metal/streaming.rb:225:in `_render_template'
/var/lib/stickshift/53794e38500446455700004e/app-root/data/lib/ruby/gems/gems/actionpack-3.2.18/lib/abstract_controller/rendering.rb:103:in `render_to_body'
/var/lib/stickshift/53794e38500446455700004e/app-root/data/lib/ruby/gems/gems/actionpack-3.2.18/lib/action_controller/metal/renderers.rb:28:in `render_to_body'
/var/lib/stickshift/53794e38500446455700004e/app-root/data/lib/ruby/gems/gems/actionpack-3.2.18/lib/action_controller/metal/compatibility.rb:50:in `render_to_body'
/var/lib/stickshift/53794e38500446455700004e/app-root/data/lib/ruby/gems/gems/actionpack-3.2.18/lib/abstract_controller/rendering.rb:88:in `render'
/var/lib/stickshift/53794e38500446455700004e/app-root/data/lib/ruby/gems/gems/actionpack-3.2.18/lib/action_controller/metal/rendering.rb:16:in `render'
/var/lib/stickshift/53794e38500446455700004e/app-root/data/lib/ruby/gems/gems/actionpack-3.2.18/lib/action_controller/metal/instrumentation.rb:40:in `block (2 levels) in render'
/var/lib/stickshift/53794e38500446455700004e/app-root/data/lib/ruby/gems/gems/activesupport-3.2.18/lib/active_support/core_ext/benchmark.rb:5:in `block in ms'
/opt/rh/ruby193/root/usr/share/ruby/benchmark.rb:295:in `realtime'
/var/lib/stickshift/53794e38500446455700004e/app-root/data/lib/ruby/gems/gems/activesupport-3.2.18/lib/active_support/core_ext/benchmark.rb:5:in `ms'
/var/lib/stickshift/53794e38500446455700004e/app-root/data/lib/ruby/gems/gems/actionpack-3.2.18/lib/action_controller/metal/instrumentation.rb:40:in `block in render'
/var/lib/stickshift/53794e38500446455700004e/app-root/data/lib/ruby/gems/gems/actionpack-3.2.18/lib/action_controller/metal/instrumentation.rb:83:in `cleanup_view_runtime'
/var/lib/stickshift/53794e38500446455700004e/app-root/data/lib/ruby/gems/gems/activerecord-3.2.18/lib/active_record/railties/controller_runtime.rb:24:in `cleanup_view_runtime'
/var/lib/stickshift/53794e38500446455700004e/app-root/data/lib/ruby/gems/gems/actionpack-3.2.18/lib/action_controller/metal/instrumentation.rb:39:in `render'
/var/lib/stickshift/53794e38500446455700004e/app-root/data/lib/ruby/gems/gems/actionpack-3.2.18/lib/action_controller/metal/implicit_render.rb:10:in `default_render'
/var/lib/stickshift/53794e38500446455700004e/app-root/data/lib/ruby/gems/gems/actionpack-3.2.18/lib/action_controller/metal/implicit_render.rb:5:in `send_action'
/var/lib/stickshift/53794e38500446455700004e/app-root/data/lib/ruby/gems/gems/actionpack-3.2.18/lib/abstract_controller/base.rb:167:in `process_action'
/var/lib/stickshift/53794e38500446455700004e/app-root/data/lib/ruby/gems/gems/actionpack-3.2.18/lib/action_controller/metal/rendering.rb:10:in `process_action'
/var/lib/stickshift/53794e38500446455700004e/app-root/data/lib/ruby/gems/gems/actionpack-3.2.18/lib/abstract_controller/callbacks.rb:18:in `block in process_action'
/var/lib/stickshift/53794e38500446455700004e/app-root/data/lib/ruby/gems/gems/activesupport-3.2.18/lib/active_support/callbacks.rb:414:in `_run__189969477439828807__process_action__623467624667496092__callbacks'
/var/lib/stickshift/53794e38500446455700004e/app-root/data/lib/ruby/gems/gems/activesupport-3.2.18/lib/active_support/callbacks.rb:405:in `__run_callback'
/var/lib/stickshift/53794e38500446455700004e/app-root/data/lib/ruby/gems/gems/activesupport-3.2.18/lib/active_support/callbacks.rb:385:in `_run_process_action_callbacks'
/var/lib/stickshift/53794e38500446455700004e/app-root/data/lib/ruby/gems/gems/activesupport-3.2.18/lib/active_support/callbacks.rb:81:in `run_callbacks'
/var/lib/stickshift/53794e38500446455700004e/app-root/data/lib/ruby/gems/gems/actionpack-3.2.18/lib/abstract_controller/callbacks.rb:17:in `process_action'
/var/lib/stickshift/53794e38500446455700004e/app-root/data/lib/ruby/gems/gems/actionpack-3.2.18/lib/action_controller/metal/rescue.rb:29:in `process_action'
/var/lib/stickshift/53794e38500446455700004e/app-root/data/lib/ruby/gems/gems/actionpack-3.2.18/lib/action_controller/metal/instrumentation.rb:30:in `block in process_action'
/var/lib/stickshift/53794e38500446455700004e/app-root/data/lib/ruby/gems/gems/activesupport-3.2.18/lib/active_support/notifications.rb:123:in `block in instrument'
/var/lib/stickshift/53794e38500446455700004e/app-root/data/lib/ruby/gems/gems/activesupport-3.2.18/lib/active_support/notifications/instrumenter.rb:20:in `instrument'
/var/lib/stickshift/53794e38500446455700004e/app-root/data/lib/ruby/gems/gems/activesupport-3.2.18/lib/active_support/notifications.rb:123:in `instrument'
/var/lib/stickshift/53794e38500446455700004e/app-root/data/lib/ruby/gems/gems/actionpack-3.2.18/lib/action_controller/metal/instrumentation.rb:29:in `process_action'
/var/lib/stickshift/53794e38500446455700004e/app-root/data/lib/ruby/gems/gems/actionpack-3.2.18/lib/action_controller/metal/params_wrapper.rb:207:in `process_action'
/var/lib/stickshift/53794e38500446455700004e/app-root/data/lib/ruby/gems/gems/activerecord-3.2.18/lib/active_record/railties/controller_runtime.rb:18:in `process_action'
/var/lib/stickshift/53794e38500446455700004e/app-root/data/lib/ruby/gems/gems/actionpack-3.2.18/lib/abstract_controller/base.rb:121:in `process'
/var/lib/stickshift/53794e38500446455700004e/app-root/data/lib/ruby/gems/gems/actionpack-3.2.18/lib/abstract_controller/rendering.rb:45:in `process'
/var/lib/stickshift/53794e38500446455700004e/app-root/data/lib/ruby/gems/gems/actionpack-3.2.18/lib/action_controller/metal.rb:203:in `dispatch'
/var/lib/stickshift/53794e38500446455700004e/app-root/data/lib/ruby/gems/gems/actionpack-3.2.18/lib/action_controller/metal/rack_delegation.rb:14:in `dispatch'
/var/lib/stickshift/53794e38500446455700004e/app-root/data/lib/ruby/gems/gems/actionpack-3.2.18/lib/action_controller/metal.rb:246:in `block in action'
/var/lib/stickshift/53794e38500446455700004e/app-root/data/lib/ruby/gems/gems/actionpack-3.2.18/lib/action_dispatch/routing/route_set.rb:73:in `call'
/var/lib/stickshift/53794e38500446455700004e/app-root/data/lib/ruby/gems/gems/actionpack-3.2.18/lib/action_dispatch/routing/route_set.rb:73:in `dispatch'
/var/lib/stickshift/53794e38500446455700004e/app-root/data/lib/ruby/gems/gems/actionpack-3.2.18/lib/action_dispatch/routing/route_set.rb:36:in `call'
/var/lib/stickshift/53794e38500446455700004e/app-root/data/lib/ruby/gems/gems/journey-1.0.4/lib/journey/router.rb:68:in `block in call'
/var/lib/stickshift/53794e38500446455700004e/app-root/data/lib/ruby/gems/gems/journey-1.0.4/lib/journey/router.rb:56:in `each'
/var/lib/stickshift/53794e38500446455700004e/app-root/data/lib/ruby/gems/gems/journey-1.0.4/lib/journey/router.rb:56:in `call'
/var/lib/stickshift/53794e38500446455700004e/app-root/data/lib/ruby/gems/gems/actionpack-3.2.18/lib/action_dispatch/routing/route_set.rb:608:in `call'
/var/lib/stickshift/53794e38500446455700004e/app-root/data/lib/ruby/gems/gems/actionpack-3.2.18/lib/action_dispatch/middleware/best_standards_support.rb:17:in `call'
/var/lib/stickshift/53794e38500446455700004e/app-root/data/lib/ruby/gems/gems/rack-1.4.5/lib/rack/etag.rb:23:in `call'
/var/lib/stickshift/53794e38500446455700004e/app-root/data/lib/ruby/gems/gems/rack-1.4.5/lib/rack/conditionalget.rb:25:in `call'
/var/lib/stickshift/53794e38500446455700004e/app-root/data/lib/ruby/gems/gems/actionpack-3.2.18/lib/action_dispatch/middleware/head.rb:14:in `call'
/var/lib/stickshift/53794e38500446455700004e/app-root/data/lib/ruby/gems/gems/actionpack-3.2.18/lib/action_dispatch/middleware/params_parser.rb:21:in `call'
/var/lib/stickshift/53794e38500446455700004e/app-root/data/lib/ruby/gems/gems/actionpack-3.2.18/lib/action_dispatch/middleware/flash.rb:242:in `call'
/var/lib/stickshift/53794e38500446455700004e/app-root/data/lib/ruby/gems/gems/rack-1.4.5/lib/rack/session/abstract/id.rb:210:in `context'
/var/lib/stickshift/53794e38500446455700004e/app-root/data/lib/ruby/gems/gems/rack-1.4.5/lib/rack/session/abstract/id.rb:205:in `call'
/var/lib/stickshift/53794e38500446455700004e/app-root/data/lib/ruby/gems/gems/actionpack-3.2.18/lib/action_dispatch/middleware/cookies.rb:341:in `call'
/var/lib/stickshift/53794e38500446455700004e/app-root/data/lib/ruby/gems/gems/activerecord-3.2.18/lib/active_record/query_cache.rb:64:in `call'
/var/lib/stickshift/53794e38500446455700004e/app-root/data/lib/ruby/gems/gems/activerecord-3.2.18/lib/active_record/connection_adapters/abstract/connection_pool.rb:479:in `call'
/var/lib/stickshift/53794e38500446455700004e/app-root/data/lib/ruby/gems/gems/actionpack-3.2.18/lib/action_dispatch/middleware/callbacks.rb:28:in `block in call'
/var/lib/stickshift/53794e38500446455700004e/app-root/data/lib/ruby/gems/gems/activesupport-3.2.18/lib/active_support/callbacks.rb:405:in `_run__132287662985607431__call__4338702602682577427__callbacks'
/var/lib/stickshift/53794e38500446455700004e/app-root/data/lib/ruby/gems/gems/activesupport-3.2.18/lib/active_support/callbacks.rb:405:in `__run_callback'
/var/lib/stickshift/53794e38500446455700004e/app-root/data/lib/ruby/gems/gems/activesupport-3.2.18/lib/active_support/callbacks.rb:385:in `_run_call_callbacks'
/var/lib/stickshift/53794e38500446455700004e/app-root/data/lib/ruby/gems/gems/activesupport-3.2.18/lib/active_support/callbacks.rb:81:in `run_callbacks'
/var/lib/stickshift/53794e38500446455700004e/app-root/data/lib/ruby/gems/gems/actionpack-3.2.18/lib/action_dispatch/middleware/callbacks.rb:27:in `call'
/var/lib/stickshift/53794e38500446455700004e/app-root/data/lib/ruby/gems/gems/actionpack-3.2.18/lib/action_dispatch/middleware/reloader.rb:65:in `call'
/var/lib/stickshift/53794e38500446455700004e/app-root/data/lib/ruby/gems/gems/actionpack-3.2.18/lib/action_dispatch/middleware/remote_ip.rb:31:in `call'
/var/lib/stickshift/53794e38500446455700004e/app-root/data/lib/ruby/gems/gems/actionpack-3.2.18/lib/action_dispatch/middleware/debug_exceptions.rb:16:in `call'
/var/lib/stickshift/53794e38500446455700004e/app-root/data/lib/ruby/gems/gems/actionpack-3.2.18/lib/action_dispatch/middleware/show_exceptions.rb:56:in `call'
/var/lib/stickshift/53794e38500446455700004e/app-root/data/lib/ruby/gems/gems/railties-3.2.18/lib/rails/rack/logger.rb:32:in `call_app'
/var/lib/stickshift/53794e38500446455700004e/app-root/data/lib/ruby/gems/gems/railties-3.2.18/lib/rails/rack/logger.rb:16:in `block in call'
/var/lib/stickshift/53794e38500446455700004e/app-root/data/lib/ruby/gems/gems/activesupport-3.2.18/lib/active_support/tagged_logging.rb:22:in `tagged'
/var/lib/stickshift/53794e38500446455700004e/app-root/data/lib/ruby/gems/gems/railties-3.2.18/lib/rails/rack/logger.rb:16:in `call'
/var/lib/stickshift/53794e38500446455700004e/app-root/data/lib/ruby/gems/gems/actionpack-3.2.18/lib/action_dispatch/middleware/request_id.rb:22:in `call'
/var/lib/stickshift/53794e38500446455700004e/app-root/data/lib/ruby/gems/gems/rack-1.4.5/lib/rack/methodoverride.rb:21:in `call'
/var/lib/stickshift/53794e38500446455700004e/app-root/data/lib/ruby/gems/gems/rack-1.4.5/lib/rack/runtime.rb:17:in `call'
/var/lib/stickshift/53794e38500446455700004e/app-root/data/lib/ruby/gems/gems/activesupport-3.2.18/lib/active_support/cache/strategy/local_cache.rb:72:in `call'
/var/lib/stickshift/53794e38500446455700004e/app-root/data/lib/ruby/gems/gems/rack-1.4.5/lib/rack/lock.rb:15:in `call'
/var/lib/stickshift/53794e38500446455700004e/app-root/data/lib/ruby/gems/gems/actionpack-3.2.18/lib/action_dispatch/middleware/static.rb:63:in `call'
/var/lib/stickshift/53794e38500446455700004e/app-root/data/lib/ruby/gems/gems/railties-3.2.18/lib/rails/engine.rb:484:in `call'
/var/lib/stickshift/53794e38500446455700004e/app-root/data/lib/ruby/gems/gems/railties-3.2.18/lib/rails/application.rb:231:in `call'
/var/lib/stickshift/53794e38500446455700004e/app-root/data/lib/ruby/gems/gems/rack-1.4.5/lib/rack/content_length.rb:14:in `call'
/var/lib/stickshift/53794e38500446455700004e/app-root/data/lib/ruby/gems/gems/railties-3.2.18/lib/rails/rack/log_tailer.rb:17:in `call'
/var/lib/stickshift/53794e38500446455700004e/app-root/data/lib/ruby/gems/gems/rack-1.4.5/lib/rack/handler/webrick.rb:59:in `service'
/opt/rh/ruby193/root/usr/share/ruby/webrick/httpserver.rb:138:in `service'
/opt/rh/ruby193/root/usr/share/ruby/webrick/httpserver.rb:94:in `run'
/opt/rh/ruby193/root/usr/share/ruby/webrick/server.rb:191:in `block in start_thread'
  Rendered movies/index.html.haml within layouts/application (20.8ms)
Completed 500 Internal Server Error in 49.0ms

ActionView::Template::Error (/var/lib/stickshift/53794e38500446455700004e/app-root/data/866781/app/views/movies/index.html.haml:8: unknown regexp options - thad
/var/lib/stickshift/53794e38500446455700004e/app-root/data/866781/app/views/movies/index.html.haml:8: syntax error, unexpected $undefined
...fo</th>\n    </tr>\n  </thead>\n  <tbody>\n", -1, false);
...                               ^
/var/lib/stickshift/53794e38500446455700004e/app-root/data/866781/app/views/movies/index.html.haml:8: syntax error, unexpected $undefined
...  </tr>\n  </thead>\n  <tbody>\n", -1, false);
...                               ^
/var/lib/stickshift/53794e38500446455700004e/app-root/data/866781/app/views/movies/index.html.haml:13: syntax error, unexpected $undefined
_hamlout.push_text("    <tr>\n      <td>#{_hamlout.adjust_tabs(2); 
                             ^
/var/lib/stickshift/53794e38500446455700004e/app-root/data/866781/app/views/movies/index.html.haml:21: syntax error, unexpected keyword_ensure, expecting $end):
    5:   %thead
    6:     %tr
    7:       %th= link_to "Movie Title", movies_path(:tipo:ordenacion => 'title'), id: 'title header' 
    8:       %th Rating
    9:       %th Release Date
    10:       %th More Info
    11:   %tbody
  actionpack (3.2.18) lib/action_view/template.rb:297:in `module_eval'
  actionpack (3.2.18) lib/action_view/template.rb:297:in `compile'
  actionpack (3.2.18) lib/action_view/template.rb:244:in `block in compile!'
  <internal:prelude>:10:in `synchronize'
  actionpack (3.2.18) lib/action_view/template.rb:232:in `compile!'
  actionpack (3.2.18) lib/action_view/template.rb:144:in `block in render'
  activesupport (3.2.18) lib/active_support/notifications.rb:125:in `instrument'
  actionpack (3.2.18) lib/action_view/template.rb:143:in `render'
  actionpack (3.2.18) lib/action_view/renderer/template_renderer.rb:47:in `block (2 levels) in render_template'
  actionpack (3.2.18) lib/action_view/renderer/abstract_renderer.rb:38:in `block in instrument'
  activesupport (3.2.18) lib/active_support/notifications.rb:123:in `block in instrument'
  activesupport (3.2.18) lib/active_support/notifications/instrumenter.rb:20:in `instrument'
  activesupport (3.2.18) lib/active_support/notifications.rb:123:in `instrument'
  actionpack (3.2.18) lib/action_view/renderer/abstract_renderer.rb:38:in `instrument'
  actionpack (3.2.18) lib/action_view/renderer/template_renderer.rb:46:in `block in render_template'
  actionpack (3.2.18) lib/action_view/renderer/template_renderer.rb:54:in `render_with_layout'
  actionpack (3.2.18) lib/action_view/renderer/template_renderer.rb:45:in `render_template'
  actionpack (3.2.18) lib/action_view/renderer/template_renderer.rb:18:in `render'
  actionpack (3.2.18) lib/action_view/renderer/renderer.rb:36:in `render_template'
  actionpack (3.2.18) lib/action_view/renderer/renderer.rb:17:in `render'
  actionpack (3.2.18) lib/abstract_controller/rendering.rb:110:in `_render_template'
  actionpack (3.2.18) lib/action_controller/metal/streaming.rb:225:in `_render_template'
  actionpack (3.2.18) lib/abstract_controller/rendering.rb:103:in `render_to_body'
  actionpack (3.2.18) lib/action_controller/metal/renderers.rb:28:in `render_to_body'
  actionpack (3.2.18) lib/action_controller/metal/compatibility.rb:50:in `render_to_body'
  actionpack (3.2.18) lib/abstract_controller/rendering.rb:88:in `render'
  actionpack (3.2.18) lib/action_controller/metal/rendering.rb:16:in `render'
  actionpack (3.2.18) lib/action_controller/metal/instrumentation.rb:40:in `block (2 levels) in render'
  activesupport (3.2.18) lib/active_support/core_ext/benchmark.rb:5:in `block in ms'
  /opt/rh/ruby193/root/usr/share/ruby/benchmark.rb:295:in `realtime'
  activesupport (3.2.18) lib/active_support/core_ext/benchmark.rb:5:in `ms'
  actionpack (3.2.18) lib/action_controller/metal/instrumentation.rb:40:in `block in render'
  actionpack (3.2.18) lib/action_controller/metal/instrumentation.rb:83:in `cleanup_view_runtime'
  activerecord (3.2.18) lib/active_record/railties/controller_runtime.rb:24:in `cleanup_view_runtime'
  actionpack (3.2.18) lib/action_controller/metal/instrumentation.rb:39:in `render'
  actionpack (3.2.18) lib/action_controller/metal/implicit_render.rb:10:in `default_render'
  actionpack (3.2.18) lib/action_controller/metal/implicit_render.rb:5:in `send_action'
  actionpack (3.2.18) lib/abstract_controller/base.rb:167:in `process_action'
  actionpack (3.2.18) lib/action_controller/metal/rendering.rb:10:in `process_action'
  actionpack (3.2.18) lib/abstract_controller/callbacks.rb:18:in `block in process_action'
  activesupport (3.2.18) lib/active_support/callbacks.rb:414:in `_run__189969477439828807__process_action__623467624667496092__callbacks'
  activesupport (3.2.18) lib/active_support/callbacks.rb:405:in `__run_callback'
  activesupport (3.2.18) lib/active_support/callbacks.rb:385:in `_run_process_action_callbacks'
  activesupport (3.2.18) lib/active_support/callbacks.rb:81:in `run_callbacks'
  actionpack (3.2.18) lib/abstract_controller/callbacks.rb:17:in `process_action'
  actionpack (3.2.18) lib/action_controller/metal/rescue.rb:29:in `process_action'
  actionpack (3.2.18) lib/action_controller/metal/instrumentation.rb:30:in `block in process_action'
  activesupport (3.2.18) lib/active_support/notifications.rb:123:in `block in instrument'
  activesupport (3.2.18) lib/active_support/notifications/instrumenter.rb:20:in `instrument'
  activesupport (3.2.18) lib/active_support/notifications.rb:123:in `instrument'
  actionpack (3.2.18) lib/action_controller/metal/instrumentation.rb:29:in `process_action'
  actionpack (3.2.18) lib/action_controller/metal/params_wrapper.rb:207:in `process_action'
  activerecord (3.2.18) lib/active_record/railties/controller_runtime.rb:18:in `process_action'
  actionpack (3.2.18) lib/abstract_controller/base.rb:121:in `process'
  actionpack (3.2.18) lib/abstract_controller/rendering.rb:45:in `process'
  actionpack (3.2.18) lib/action_controller/metal.rb:203:in `dispatch'
  actionpack (3.2.18) lib/action_controller/metal/rack_delegation.rb:14:in `dispatch'
  actionpack (3.2.18) lib/action_controller/metal.rb:246:in `block in action'
  actionpack (3.2.18) lib/action_dispatch/routing/route_set.rb:73:in `call'
  actionpack (3.2.18) lib/action_dispatch/routing/route_set.rb:73:in `dispatch'
  actionpack (3.2.18) lib/action_dispatch/routing/route_set.rb:36:in `call'
  journey (1.0.4) lib/journey/router.rb:68:in `block in call'
  journey (1.0.4) lib/journey/router.rb:56:in `each'
  journey (1.0.4) lib/journey/router.rb:56:in `call'
  actionpack (3.2.18) lib/action_dispatch/routing/route_set.rb:608:in `call'
  actionpack (3.2.18) lib/action_dispatch/middleware/best_standards_support.rb:17:in `call'
  rack (1.4.5) lib/rack/etag.rb:23:in `call'
  rack (1.4.5) lib/rack/conditionalget.rb:25:in `call'
  actionpack (3.2.18) lib/action_dispatch/middleware/head.rb:14:in `call'
  actionpack (3.2.18) lib/action_dispatch/middleware/params_parser.rb:21:in `call'
  actionpack (3.2.18) lib/action_dispatch/middleware/flash.rb:242:in `call'
  rack (1.4.5) lib/rack/session/abstract/id.rb:210:in `context'
  rack (1.4.5) lib/rack/session/abstract/id.rb:205:in `call'
  actionpack (3.2.18) lib/action_dispatch/middleware/cookies.rb:341:in `call'
  activerecord (3.2.18) lib/active_record/query_cache.rb:64:in `call'
  activerecord (3.2.18) lib/active_record/connection_adapters/abstract/connection_pool.rb:479:in `call'
  actionpack (3.2.18) lib/action_dispatch/middleware/callbacks.rb:28:in `block in call'
  activesupport (3.2.18) lib/active_support/callbacks.rb:405:in `_run__132287662985607431__call__4338702602682577427__callbacks'
  activesupport (3.2.18) lib/active_support/callbacks.rb:405:in `__run_callback'
  activesupport (3.2.18) lib/active_support/callbacks.rb:385:in `_run_call_callbacks'
  activesupport (3.2.18) lib/active_support/callbacks.rb:81:in `run_callbacks'
  actionpack (3.2.18) lib/action_dispatch/middleware/callbacks.rb:27:in `call'
  actionpack (3.2.18) lib/action_dispatch/middleware/reloader.rb:65:in `call'
  actionpack (3.2.18) lib/action_dispatch/middleware/remote_ip.rb:31:in `call'
  actionpack (3.2.18) lib/action_dispatch/middleware/debug_exceptions.rb:16:in `call'
  actionpack (3.2.18) lib/action_dispatch/middleware/show_exceptions.rb:56:in `call'
  railties (3.2.18) lib/rails/rack/logger.rb:32:in `call_app'
  railties (3.2.18) lib/rails/rack/logger.rb:16:in `block in call'
  activesupport (3.2.18) lib/active_support/tagged_logging.rb:22:in `tagged'
  railties (3.2.18) lib/rails/rack/logger.rb:16:in `call'
  actionpack (3.2.18) lib/action_dispatch/middleware/request_id.rb:22:in `call'
  rack (1.4.5) lib/rack/methodoverride.rb:21:in `call'
  rack (1.4.5) lib/rack/runtime.rb:17:in `call'
  activesupport (3.2.18) lib/active_support/cache/strategy/local_cache.rb:72:in `call'
  rack (1.4.5) lib/rack/lock.rb:15:in `call'
  actionpack (3.2.18) lib/action_dispatch/middleware/static.rb:63:in `call'
  railties (3.2.18) lib/rails/engine.rb:484:in `call'
  railties (3.2.18) lib/rails/application.rb:231:in `call'
  rack (1.4.5) lib/rack/content_length.rb:14:in `call'
  railties (3.2.18) lib/rails/rack/log_tailer.rb:17:in `call'
  rack (1.4.5) lib/rack/handler/webrick.rb:59:in `service'
  /opt/rh/ruby193/root/usr/share/ruby/webrick/httpserver.rb:138:in `service'
  /opt/rh/ruby193/root/usr/share/ruby/webrick/httpserver.rb:94:in `run'
  /opt/rh/ruby193/root/usr/share/ruby/webrick/server.rb:191:in `block in start_thread'


  Rendered /var/lib/stickshift/53794e38500446455700004e/app-root/data/lib/ruby/gems/gems/actionpack-3.2.18/lib/action_dispatch/middleware/templates/rescues/_trace.erb (2.2ms)
  Rendered /var/lib/stickshift/53794e38500446455700004e/app-root/data/lib/ruby/gems/gems/actionpack-3.2.18/lib/action_dispatch/middleware/templates/rescues/_request_and_response.erb (1.5ms)
  Rendered /var/lib/stickshift/53794e38500446455700004e/app-root/data/lib/ruby/gems/gems/actionpack-3.2.18/lib/action_dispatch/middleware/templates/rescues/template_error.erb within rescues/layout (79.4ms)


Started GET "/movies" for 127.6.60.1 at 2014-05-20 09:17:07 -0400
Processing by MoviesController#index as HTML
  [1m[36mMovie Load (0.3ms)[0m  [1mSELECT "movies".* FROM "movies" [0m
ERROR: compiling _app_views_movies_index_html_haml__4522835718597374266_27208300 RAISED /var/lib/stickshift/53794e38500446455700004e/app-root/data/866781/app/views/movies/index.html.haml:7: syntax error, unexpected ':', expecting ')'
...ovie Title", movies_path(:tipo:ordenacion => 'title'), id: "...
...                               ^
/var/lib/stickshift/53794e38500446455700004e/app-root/data/866781/app/views/movies/index.html.haml:8: syntax error, unexpected ')', expecting '}'
));}</th>\n      <th>Rating</th...
  ^
/var/lib/stickshift/53794e38500446455700004e/app-root/data/866781/app/views/movies/index.html.haml:8: unknown regexp options - th
/var/lib/stickshift/53794e38500446455700004e/app-root/data/866781/app/views/movies/index.html.haml:8: syntax error, unexpected $undefined
...;}</th>\n      <th>Rating</th>\n      <th>Release Date</th>\...
...                               ^
/var/lib/stickshift/53794e38500446455700004e/app-root/data/866781/app/views/movies/index.html.haml:8: syntax error, unexpected tCONSTANT, expecting keyword_do or '{' or '('
...ng</th>\n      <th>Release Date</th>\n      <th>More Info</t...
...                               ^
/var/lib/stickshift/53794e38500446455700004e/app-root/data/866781/app/views/movies/index.html.haml:8: unknown regexp options - th
/var/lib/stickshift/53794e38500446455700004e/app-root/data/866781/app/views/movies/index.html.haml:8: syntax error, unexpected $undefined
.../th>\n      <th>More Info</th>\n    </tr>\n  </thead>\n  <tb...
...                               ^
/var/lib/stickshift/53794e38500446455700004e/app-root/data/866781/app/views/movies/index.html.haml:8: unknown regexp options - thad
/var/lib/stickshift/53794e38500446455700004e/app-root/data/866781/app/views/movies/index.html.haml:8: syntax error, unexpected $undefined
...fo</th>\n    </tr>\n  </thead>\n  <tbody>\n", -1, false);
...                               ^
/var/lib/stickshift/53794e38500446455700004e/app-root/data/866781/app/views/movies/index.html.haml:8: syntax error, unexpected $undefined
...  </tr>\n  </thead>\n  <tbody>\n", -1, false);
...                               ^
/var/lib/stickshift/53794e38500446455700004e/app-root/data/866781/app/views/movies/index.html.haml:13: syntax error, unexpected $undefined
_hamlout.push_text("    <tr>\n      <td>#{_hamlout.adjust_tabs(2); 
                             ^
/var/lib/stickshift/53794e38500446455700004e/app-root/data/866781/app/views/movies/index.html.haml:21: syntax error, unexpected keyword_ensure, expecting $end
Function body:           def _app_views_movies_index_html_haml__4522835718597374266_27208300(local_assigns, output_buffer)
            _old_virtual_path, @virtual_path = @virtual_path, "movies/index";_old_output_buffer = @output_buffer;;begin;extend Haml::Helpers;_hamlout = @haml_buffer = Haml::Buffer.new(haml_buffer, {:autoclose=>["area", "base", "basefont", "br", "col", "command", "embed", "frame", "hr", "img", "input", "isindex", "keygen", "link", "menuitem", "meta", "param", "source", "track", "wbr"], :preserve=>["textarea", "pre", "code"], :attr_wrapper=>"'", :ugly=>false, :format=>:html5, :encoding=>"UTF-8", :escape_html=>true, :escape_attrs=>true, :hyphenate_data_attrs=>true, :cdata=>false});_erbout = _hamlout.buffer;@output_buffer = output_buffer ||= ActionView::OutputBuffer.new rescue nil;;_hamlout.push_text("<h1>All Movies</h1>\n<table id='movies'>\n  <thead>\n    <tr>\n      <th>#{_hamlout.adjust_tabs(4); 





_hamlout.format_script_false_true_false_true_false_true_false((link_to "Movie Title", movies_path(:tipo:ordenacion => 'title'), id: "title header"
));}</th>\n      <th>Rating</th>\n      <th>Release Date</th>\n      <th>More Info</th>\n    </tr>\n  </thead>\n  <tbody>\n", -1, false);



 @movies.each do |movie|
_hamlout.push_text("    <tr>\n      <td>#{_hamlout.adjust_tabs(2); 
_hamlout.format_script_false_true_false_true_false_true_false((movie.title
));}</td>\n      <td>#{_hamlout.adjust_tabs(1); _hamlout.format_script_false_true_false_true_false_true_false((movie.rating
));}</td>\n      <td>#{_hamlout.adjust_tabs(1); _hamlout.format_script_false_true_false_true_false_true_false((movie.release_date
));}</td>\n      <td>#{_hamlout.adjust_tabs(1); _hamlout.format_script_false_true_false_true_false_true_false((link_to "More about #{movie.title}", movie_path(movie)
));}</td>\n    </tr>\n", -1, false);end;_hamlout.push_text("  </tbody>\n</table>\n#{_hamlout.adjust_tabs(-2); 
_hamlout.format_script_false_false_false_true_false_true_false(( link_to 'Add new movie', new_movie_path
));}\n", 0, false);::Haml::Util.html_safe(_erbout);ensure;@haml_buffer = @haml_buffer.upper if @haml_buffer;end;
          ensure
            @virtual_path, @output_buffer = _old_virtual_path, _old_output_buffer
          end

Backtrace: /var/lib/stickshift/53794e38500446455700004e/app-root/data/lib/ruby/gems/gems/actionpack-3.2.18/lib/action_view/template.rb:297:in `module_eval'
/var/lib/stickshift/53794e38500446455700004e/app-root/data/lib/ruby/gems/gems/actionpack-3.2.18/lib/action_view/template.rb:297:in `compile'
/var/lib/stickshift/53794e38500446455700004e/app-root/data/lib/ruby/gems/gems/actionpack-3.2.18/lib/action_view/template.rb:244:in `block in compile!'
<internal:prelude>:10:in `synchronize'
/var/lib/stickshift/53794e38500446455700004e/app-root/data/lib/ruby/gems/gems/actionpack-3.2.18/lib/action_view/template.rb:232:in `compile!'
/var/lib/stickshift/53794e38500446455700004e/app-root/data/lib/ruby/gems/gems/actionpack-3.2.18/lib/action_view/template.rb:144:in `block in render'
/var/lib/stickshift/53794e38500446455700004e/app-root/data/lib/ruby/gems/gems/activesupport-3.2.18/lib/active_support/notifications.rb:125:in `instrument'
/var/lib/stickshift/53794e38500446455700004e/app-root/data/lib/ruby/gems/gems/actionpack-3.2.18/lib/action_view/template.rb:143:in `render'
/var/lib/stickshift/53794e38500446455700004e/app-root/data/lib/ruby/gems/gems/actionpack-3.2.18/lib/action_view/renderer/template_renderer.rb:47:in `block (2 levels) in render_template'
/var/lib/stickshift/53794e38500446455700004e/app-root/data/lib/ruby/gems/gems/actionpack-3.2.18/lib/action_view/renderer/abstract_renderer.rb:38:in `block in instrument'
/var/lib/stickshift/53794e38500446455700004e/app-root/data/lib/ruby/gems/gems/activesupport-3.2.18/lib/active_support/notifications.rb:123:in `block in instrument'
/var/lib/stickshift/53794e38500446455700004e/app-root/data/lib/ruby/gems/gems/activesupport-3.2.18/lib/active_support/notifications/instrumenter.rb:20:in `instrument'
/var/lib/stickshift/53794e38500446455700004e/app-root/data/lib/ruby/gems/gems/activesupport-3.2.18/lib/active_support/notifications.rb:123:in `instrument'
/var/lib/stickshift/53794e38500446455700004e/app-root/data/lib/ruby/gems/gems/actionpack-3.2.18/lib/action_view/renderer/abstract_renderer.rb:38:in `instrument'
/var/lib/stickshift/53794e38500446455700004e/app-root/data/lib/ruby/gems/gems/actionpack-3.2.18/lib/action_view/renderer/template_renderer.rb:46:in `block in render_template'
/var/lib/stickshift/53794e38500446455700004e/app-root/data/lib/ruby/gems/gems/actionpack-3.2.18/lib/action_view/renderer/template_renderer.rb:54:in `render_with_layout'
/var/lib/stickshift/53794e38500446455700004e/app-root/data/lib/ruby/gems/gems/actionpack-3.2.18/lib/action_view/renderer/template_renderer.rb:45:in `render_template'
/var/lib/stickshift/53794e38500446455700004e/app-root/data/lib/ruby/gems/gems/actionpack-3.2.18/lib/action_view/renderer/template_renderer.rb:18:in `render'
/var/lib/stickshift/53794e38500446455700004e/app-root/data/lib/ruby/gems/gems/actionpack-3.2.18/lib/action_view/renderer/renderer.rb:36:in `render_template'
/var/lib/stickshift/53794e38500446455700004e/app-root/data/lib/ruby/gems/gems/actionpack-3.2.18/lib/action_view/renderer/renderer.rb:17:in `render'
/var/lib/stickshift/53794e38500446455700004e/app-root/data/lib/ruby/gems/gems/actionpack-3.2.18/lib/abstract_controller/rendering.rb:110:in `_render_template'
/var/lib/stickshift/53794e38500446455700004e/app-root/data/lib/ruby/gems/gems/actionpack-3.2.18/lib/action_controller/metal/streaming.rb:225:in `_render_template'
/var/lib/stickshift/53794e38500446455700004e/app-root/data/lib/ruby/gems/gems/actionpack-3.2.18/lib/abstract_controller/rendering.rb:103:in `render_to_body'
/var/lib/stickshift/53794e38500446455700004e/app-root/data/lib/ruby/gems/gems/actionpack-3.2.18/lib/action_controller/metal/renderers.rb:28:in `render_to_body'
/var/lib/stickshift/53794e38500446455700004e/app-root/data/lib/ruby/gems/gems/actionpack-3.2.18/lib/action_controller/metal/compatibility.rb:50:in `render_to_body'
/var/lib/stickshift/53794e38500446455700004e/app-root/data/lib/ruby/gems/gems/actionpack-3.2.18/lib/abstract_controller/rendering.rb:88:in `render'
/var/lib/stickshift/53794e38500446455700004e/app-root/data/lib/ruby/gems/gems/actionpack-3.2.18/lib/action_controller/metal/rendering.rb:16:in `render'
/var/lib/stickshift/53794e38500446455700004e/app-root/data/lib/ruby/gems/gems/actionpack-3.2.18/lib/action_controller/metal/instrumentation.rb:40:in `block (2 levels) in render'
/var/lib/stickshift/53794e38500446455700004e/app-root/data/lib/ruby/gems/gems/activesupport-3.2.18/lib/active_support/core_ext/benchmark.rb:5:in `block in ms'
/opt/rh/ruby193/root/usr/share/ruby/benchmark.rb:295:in `realtime'
/var/lib/stickshift/53794e38500446455700004e/app-root/data/lib/ruby/gems/gems/activesupport-3.2.18/lib/active_support/core_ext/benchmark.rb:5:in `ms'
/var/lib/stickshift/53794e38500446455700004e/app-root/data/lib/ruby/gems/gems/actionpack-3.2.18/lib/action_controller/metal/instrumentation.rb:40:in `block in render'
/var/lib/stickshift/53794e38500446455700004e/app-root/data/lib/ruby/gems/gems/actionpack-3.2.18/lib/action_controller/metal/instrumentation.rb:83:in `cleanup_view_runtime'
/var/lib/stickshift/53794e38500446455700004e/app-root/data/lib/ruby/gems/gems/activerecord-3.2.18/lib/active_record/railties/controller_runtime.rb:24:in `cleanup_view_runtime'
/var/lib/stickshift/53794e38500446455700004e/app-root/data/lib/ruby/gems/gems/actionpack-3.2.18/lib/action_controller/metal/instrumentation.rb:39:in `render'
/var/lib/stickshift/53794e38500446455700004e/app-root/data/lib/ruby/gems/gems/actionpack-3.2.18/lib/action_controller/metal/implicit_render.rb:10:in `default_render'
/var/lib/stickshift/53794e38500446455700004e/app-root/data/lib/ruby/gems/gems/actionpack-3.2.18/lib/action_controller/metal/implicit_render.rb:5:in `send_action'
/var/lib/stickshift/53794e38500446455700004e/app-root/data/lib/ruby/gems/gems/actionpack-3.2.18/lib/abstract_controller/base.rb:167:in `process_action'
/var/lib/stickshift/53794e38500446455700004e/app-root/data/lib/ruby/gems/gems/actionpack-3.2.18/lib/action_controller/metal/rendering.rb:10:in `process_action'
/var/lib/stickshift/53794e38500446455700004e/app-root/data/lib/ruby/gems/gems/actionpack-3.2.18/lib/abstract_controller/callbacks.rb:18:in `block in process_action'
/var/lib/stickshift/53794e38500446455700004e/app-root/data/lib/ruby/gems/gems/activesupport-3.2.18/lib/active_support/callbacks.rb:414:in `_run__189969477439828807__process_action__623467624667496092__callbacks'
/var/lib/stickshift/53794e38500446455700004e/app-root/data/lib/ruby/gems/gems/activesupport-3.2.18/lib/active_support/callbacks.rb:405:in `__run_callback'
/var/lib/stickshift/53794e38500446455700004e/app-root/data/lib/ruby/gems/gems/activesupport-3.2.18/lib/active_support/callbacks.rb:385:in `_run_process_action_callbacks'
/var/lib/stickshift/53794e38500446455700004e/app-root/data/lib/ruby/gems/gems/activesupport-3.2.18/lib/active_support/callbacks.rb:81:in `run_callbacks'
/var/lib/stickshift/53794e38500446455700004e/app-root/data/lib/ruby/gems/gems/actionpack-3.2.18/lib/abstract_controller/callbacks.rb:17:in `process_action'
/var/lib/stickshift/53794e38500446455700004e/app-root/data/lib/ruby/gems/gems/actionpack-3.2.18/lib/action_controller/metal/rescue.rb:29:in `process_action'
/var/lib/stickshift/53794e38500446455700004e/app-root/data/lib/ruby/gems/gems/actionpack-3.2.18/lib/action_controller/metal/instrumentation.rb:30:in `block in process_action'
/var/lib/stickshift/53794e38500446455700004e/app-root/data/lib/ruby/gems/gems/activesupport-3.2.18/lib/active_support/notifications.rb:123:in `block in instrument'
/var/lib/stickshift/53794e38500446455700004e/app-root/data/lib/ruby/gems/gems/activesupport-3.2.18/lib/active_support/notifications/instrumenter.rb:20:in `instrument'
/var/lib/stickshift/53794e38500446455700004e/app-root/data/lib/ruby/gems/gems/activesupport-3.2.18/lib/active_support/notifications.rb:123:in `instrument'
/var/lib/stickshift/53794e38500446455700004e/app-root/data/lib/ruby/gems/gems/actionpack-3.2.18/lib/action_controller/metal/instrumentation.rb:29:in `process_action'
/var/lib/stickshift/53794e38500446455700004e/app-root/data/lib/ruby/gems/gems/actionpack-3.2.18/lib/action_controller/metal/params_wrapper.rb:207:in `process_action'
/var/lib/stickshift/53794e38500446455700004e/app-root/data/lib/ruby/gems/gems/activerecord-3.2.18/lib/active_record/railties/controller_runtime.rb:18:in `process_action'
/var/lib/stickshift/53794e38500446455700004e/app-root/data/lib/ruby/gems/gems/actionpack-3.2.18/lib/abstract_controller/base.rb:121:in `process'
/var/lib/stickshift/53794e38500446455700004e/app-root/data/lib/ruby/gems/gems/actionpack-3.2.18/lib/abstract_controller/rendering.rb:45:in `process'
/var/lib/stickshift/53794e38500446455700004e/app-root/data/lib/ruby/gems/gems/actionpack-3.2.18/lib/action_controller/metal.rb:203:in `dispatch'
/var/lib/stickshift/53794e38500446455700004e/app-root/data/lib/ruby/gems/gems/actionpack-3.2.18/lib/action_controller/metal/rack_delegation.rb:14:in `dispatch'
/var/lib/stickshift/53794e38500446455700004e/app-root/data/lib/ruby/gems/gems/actionpack-3.2.18/lib/action_controller/metal.rb:246:in `block in action'
/var/lib/stickshift/53794e38500446455700004e/app-root/data/lib/ruby/gems/gems/actionpack-3.2.18/lib/action_dispatch/routing/route_set.rb:73:in `call'
/var/lib/stickshift/53794e38500446455700004e/app-root/data/lib/ruby/gems/gems/actionpack-3.2.18/lib/action_dispatch/routing/route_set.rb:73:in `dispatch'
/var/lib/stickshift/53794e38500446455700004e/app-root/data/lib/ruby/gems/gems/actionpack-3.2.18/lib/action_dispatch/routing/route_set.rb:36:in `call'
/var/lib/stickshift/53794e38500446455700004e/app-root/data/lib/ruby/gems/gems/journey-1.0.4/lib/journey/router.rb:68:in `block in call'
/var/lib/stickshift/53794e38500446455700004e/app-root/data/lib/ruby/gems/gems/journey-1.0.4/lib/journey/router.rb:56:in `each'
/var/lib/stickshift/53794e38500446455700004e/app-root/data/lib/ruby/gems/gems/journey-1.0.4/lib/journey/router.rb:56:in `call'
/var/lib/stickshift/53794e38500446455700004e/app-root/data/lib/ruby/gems/gems/actionpack-3.2.18/lib/action_dispatch/routing/route_set.rb:608:in `call'
/var/lib/stickshift/53794e38500446455700004e/app-root/data/lib/ruby/gems/gems/actionpack-3.2.18/lib/action_dispatch/middleware/best_standards_support.rb:17:in `call'
/var/lib/stickshift/53794e38500446455700004e/app-root/data/lib/ruby/gems/gems/rack-1.4.5/lib/rack/etag.rb:23:in `call'
/var/lib/stickshift/53794e38500446455700004e/app-root/data/lib/ruby/gems/gems/rack-1.4.5/lib/rack/conditionalget.rb:25:in `call'
/var/lib/stickshift/53794e38500446455700004e/app-root/data/lib/ruby/gems/gems/actionpack-3.2.18/lib/action_dispatch/middleware/head.rb:14:in `call'
/var/lib/stickshift/53794e38500446455700004e/app-root/data/lib/ruby/gems/gems/actionpack-3.2.18/lib/action_dispatch/middleware/params_parser.rb:21:in `call'
/var/lib/stickshift/53794e38500446455700004e/app-root/data/lib/ruby/gems/gems/actionpack-3.2.18/lib/action_dispatch/middleware/flash.rb:242:in `call'
/var/lib/stickshift/53794e38500446455700004e/app-root/data/lib/ruby/gems/gems/rack-1.4.5/lib/rack/session/abstract/id.rb:210:in `context'
/var/lib/stickshift/53794e38500446455700004e/app-root/data/lib/ruby/gems/gems/rack-1.4.5/lib/rack/session/abstract/id.rb:205:in `call'
/var/lib/stickshift/53794e38500446455700004e/app-root/data/lib/ruby/gems/gems/actionpack-3.2.18/lib/action_dispatch/middleware/cookies.rb:341:in `call'
/var/lib/stickshift/53794e38500446455700004e/app-root/data/lib/ruby/gems/gems/activerecord-3.2.18/lib/active_record/query_cache.rb:64:in `call'
/var/lib/stickshift/53794e38500446455700004e/app-root/data/lib/ruby/gems/gems/activerecord-3.2.18/lib/active_record/connection_adapters/abstract/connection_pool.rb:479:in `call'
/var/lib/stickshift/53794e38500446455700004e/app-root/data/lib/ruby/gems/gems/actionpack-3.2.18/lib/action_dispatch/middleware/callbacks.rb:28:in `block in call'
/var/lib/stickshift/53794e38500446455700004e/app-root/data/lib/ruby/gems/gems/activesupport-3.2.18/lib/active_support/callbacks.rb:405:in `_run__132287662985607431__call__4338702602682577427__callbacks'
/var/lib/stickshift/53794e38500446455700004e/app-root/data/lib/ruby/gems/gems/activesupport-3.2.18/lib/active_support/callbacks.rb:405:in `__run_callback'
/var/lib/stickshift/53794e38500446455700004e/app-root/data/lib/ruby/gems/gems/activesupport-3.2.18/lib/active_support/callbacks.rb:385:in `_run_call_callbacks'
/var/lib/stickshift/53794e38500446455700004e/app-root/data/lib/ruby/gems/gems/activesupport-3.2.18/lib/active_support/callbacks.rb:81:in `run_callbacks'
/var/lib/stickshift/53794e38500446455700004e/app-root/data/lib/ruby/gems/gems/actionpack-3.2.18/lib/action_dispatch/middleware/callbacks.rb:27:in `call'
/var/lib/stickshift/53794e38500446455700004e/app-root/data/lib/ruby/gems/gems/actionpack-3.2.18/lib/action_dispatch/middleware/reloader.rb:65:in `call'
/var/lib/stickshift/53794e38500446455700004e/app-root/data/lib/ruby/gems/gems/actionpack-3.2.18/lib/action_dispatch/middleware/remote_ip.rb:31:in `call'
/var/lib/stickshift/53794e38500446455700004e/app-root/data/lib/ruby/gems/gems/actionpack-3.2.18/lib/action_dispatch/middleware/debug_exceptions.rb:16:in `call'
/var/lib/stickshift/53794e38500446455700004e/app-root/data/lib/ruby/gems/gems/actionpack-3.2.18/lib/action_dispatch/middleware/show_exceptions.rb:56:in `call'
/var/lib/stickshift/53794e38500446455700004e/app-root/data/lib/ruby/gems/gems/railties-3.2.18/lib/rails/rack/logger.rb:32:in `call_app'
/var/lib/stickshift/53794e38500446455700004e/app-root/data/lib/ruby/gems/gems/railties-3.2.18/lib/rails/rack/logger.rb:16:in `block in call'
/var/lib/stickshift/53794e38500446455700004e/app-root/data/lib/ruby/gems/gems/activesupport-3.2.18/lib/active_support/tagged_logging.rb:22:in `tagged'
/var/lib/stickshift/53794e38500446455700004e/app-root/data/lib/ruby/gems/gems/railties-3.2.18/lib/rails/rack/logger.rb:16:in `call'
/var/lib/stickshift/53794e38500446455700004e/app-root/data/lib/ruby/gems/gems/actionpack-3.2.18/lib/action_dispatch/middleware/request_id.rb:22:in `call'
/var/lib/stickshift/53794e38500446455700004e/app-root/data/lib/ruby/gems/gems/rack-1.4.5/lib/rack/methodoverride.rb:21:in `call'
/var/lib/stickshift/53794e38500446455700004e/app-root/data/lib/ruby/gems/gems/rack-1.4.5/lib/rack/runtime.rb:17:in `call'
/var/lib/stickshift/53794e38500446455700004e/app-root/data/lib/ruby/gems/gems/activesupport-3.2.18/lib/active_support/cache/strategy/local_cache.rb:72:in `call'
/var/lib/stickshift/53794e38500446455700004e/app-root/data/lib/ruby/gems/gems/rack-1.4.5/lib/rack/lock.rb:15:in `call'
/var/lib/stickshift/53794e38500446455700004e/app-root/data/lib/ruby/gems/gems/actionpack-3.2.18/lib/action_dispatch/middleware/static.rb:63:in `call'
/var/lib/stickshift/53794e38500446455700004e/app-root/data/lib/ruby/gems/gems/railties-3.2.18/lib/rails/engine.rb:484:in `call'
/var/lib/stickshift/53794e38500446455700004e/app-root/data/lib/ruby/gems/gems/railties-3.2.18/lib/rails/application.rb:231:in `call'
/var/lib/stickshift/53794e38500446455700004e/app-root/data/lib/ruby/gems/gems/rack-1.4.5/lib/rack/content_length.rb:14:in `call'
/var/lib/stickshift/53794e38500446455700004e/app-root/data/lib/ruby/gems/gems/railties-3.2.18/lib/rails/rack/log_tailer.rb:17:in `call'
/var/lib/stickshift/53794e38500446455700004e/app-root/data/lib/ruby/gems/gems/rack-1.4.5/lib/rack/handler/webrick.rb:59:in `service'
/opt/rh/ruby193/root/usr/share/ruby/webrick/httpserver.rb:138:in `service'
/opt/rh/ruby193/root/usr/share/ruby/webrick/httpserver.rb:94:in `run'
/opt/rh/ruby193/root/usr/share/ruby/webrick/server.rb:191:in `block in start_thread'
  Rendered movies/index.html.haml within layouts/application (5.1ms)
Completed 500 Internal Server Error in 16.1ms

ActionView::Template::Error (/var/lib/stickshift/53794e38500446455700004e/app-root/data/866781/app/views/movies/index.html.haml:7: syntax error, unexpected ':', expecting ')'
...ovie Title", movies_path(:tipo:ordenacion => 'title'), id: "...
...                               ^
/var/lib/stickshift/53794e38500446455700004e/app-root/data/866781/app/views/movies/index.html.haml:8: syntax error, unexpected ')', expecting '}'
));}</th>\n      <th>Rating</th...
  ^
/var/lib/stickshift/53794e38500446455700004e/app-root/data/866781/app/views/movies/index.html.haml:8: unknown regexp options - th
/var/lib/stickshift/53794e38500446455700004e/app-root/data/866781/app/views/movies/index.html.haml:8: syntax error, unexpected $undefined
...;}</th>\n      <th>Rating</th>\n      <th>Release Date</th>\...
...                               ^
/var/lib/stickshift/53794e38500446455700004e/app-root/data/866781/app/views/movies/index.html.haml:8: syntax error, unexpected tCONSTANT, expecting keyword_do or '{' or '('
...ng</th>\n      <th>Release Date</th>\n      <th>More Info</t...
...                               ^
/var/lib/stickshift/53794e38500446455700004e/app-root/data/866781/app/views/movies/index.html.haml:8: unknown regexp options - th
/var/lib/stickshift/53794e38500446455700004e/app-root/data/866781/app/views/movies/index.html.haml:8: syntax error, unexpected $undefined
.../th>\n      <th>More Info</th>\n    </tr>\n  </thead>\n  <tb...
...                               ^
/var/lib/stickshift/53794e38500446455700004e/app-root/data/866781/app/views/movies/index.html.haml:8: unknown regexp options - thad
/var/lib/stickshift/53794e38500446455700004e/app-root/data/866781/app/views/movies/index.html.haml:8: syntax error, unexpected $undefined
...fo</th>\n    </tr>\n  </thead>\n  <tbody>\n", -1, false);
...                               ^
/var/lib/stickshift/53794e38500446455700004e/app-root/data/866781/app/views/movies/index.html.haml:8: syntax error, unexpected $undefined
...  </tr>\n  </thead>\n  <tbody>\n", -1, false);
...                               ^
/var/lib/stickshift/53794e38500446455700004e/app-root/data/866781/app/views/movies/index.html.haml:13: syntax error, unexpected $undefined
_hamlout.push_text("    <tr>\n      <td>#{_hamlout.adjust_tabs(2); 
                             ^
/var/lib/stickshift/53794e38500446455700004e/app-root/data/866781/app/views/movies/index.html.haml:21: syntax error, unexpected keyword_ensure, expecting $end):
    4: %table#movies
    5:   %thead
    6:     %tr
    7:       %th= link_to "Movie Title", movies_path(:tipo:ordenacion => 'title'), id: "title header"
    8:       %th Rating
    9:       %th Release Date
    10:       %th More Info
  actionpack (3.2.18) lib/action_view/template.rb:297:in `module_eval'
  actionpack (3.2.18) lib/action_view/template.rb:297:in `compile'
  actionpack (3.2.18) lib/action_view/template.rb:244:in `block in compile!'
  <internal:prelude>:10:in `synchronize'
  actionpack (3.2.18) lib/action_view/template.rb:232:in `compile!'
  actionpack (3.2.18) lib/action_view/template.rb:144:in `block in render'
  activesupport (3.2.18) lib/active_support/notifications.rb:125:in `instrument'
  actionpack (3.2.18) lib/action_view/template.rb:143:in `render'
  actionpack (3.2.18) lib/action_view/renderer/template_renderer.rb:47:in `block (2 levels) in render_template'
  actionpack (3.2.18) lib/action_view/renderer/abstract_renderer.rb:38:in `block in instrument'
  activesupport (3.2.18) lib/active_support/notifications.rb:123:in `block in instrument'
  activesupport (3.2.18) lib/active_support/notifications/instrumenter.rb:20:in `instrument'
  activesupport (3.2.18) lib/active_support/notifications.rb:123:in `instrument'
  actionpack (3.2.18) lib/action_view/renderer/abstract_renderer.rb:38:in `instrument'
  actionpack (3.2.18) lib/action_view/renderer/template_renderer.rb:46:in `block in render_template'
  actionpack (3.2.18) lib/action_view/renderer/template_renderer.rb:54:in `render_with_layout'
  actionpack (3.2.18) lib/action_view/renderer/template_renderer.rb:45:in `render_template'
  actionpack (3.2.18) lib/action_view/renderer/template_renderer.rb:18:in `render'
  actionpack (3.2.18) lib/action_view/renderer/renderer.rb:36:in `render_template'
  actionpack (3.2.18) lib/action_view/renderer/renderer.rb:17:in `render'
  actionpack (3.2.18) lib/abstract_controller/rendering.rb:110:in `_render_template'
  actionpack (3.2.18) lib/action_controller/metal/streaming.rb:225:in `_render_template'
  actionpack (3.2.18) lib/abstract_controller/rendering.rb:103:in `render_to_body'
  actionpack (3.2.18) lib/action_controller/metal/renderers.rb:28:in `render_to_body'
  actionpack (3.2.18) lib/action_controller/metal/compatibility.rb:50:in `render_to_body'
  actionpack (3.2.18) lib/abstract_controller/rendering.rb:88:in `render'
  actionpack (3.2.18) lib/action_controller/metal/rendering.rb:16:in `render'
  actionpack (3.2.18) lib/action_controller/metal/instrumentation.rb:40:in `block (2 levels) in render'
  activesupport (3.2.18) lib/active_support/core_ext/benchmark.rb:5:in `block in ms'
  /opt/rh/ruby193/root/usr/share/ruby/benchmark.rb:295:in `realtime'
  activesupport (3.2.18) lib/active_support/core_ext/benchmark.rb:5:in `ms'
  actionpack (3.2.18) lib/action_controller/metal/instrumentation.rb:40:in `block in render'
  actionpack (3.2.18) lib/action_controller/metal/instrumentation.rb:83:in `cleanup_view_runtime'
  activerecord (3.2.18) lib/active_record/railties/controller_runtime.rb:24:in `cleanup_view_runtime'
  actionpack (3.2.18) lib/action_controller/metal/instrumentation.rb:39:in `render'
  actionpack (3.2.18) lib/action_controller/metal/implicit_render.rb:10:in `default_render'
  actionpack (3.2.18) lib/action_controller/metal/implicit_render.rb:5:in `send_action'
  actionpack (3.2.18) lib/abstract_controller/base.rb:167:in `process_action'
  actionpack (3.2.18) lib/action_controller/metal/rendering.rb:10:in `process_action'
  actionpack (3.2.18) lib/abstract_controller/callbacks.rb:18:in `block in process_action'
  activesupport (3.2.18) lib/active_support/callbacks.rb:414:in `_run__189969477439828807__process_action__623467624667496092__callbacks'
  activesupport (3.2.18) lib/active_support/callbacks.rb:405:in `__run_callback'
  activesupport (3.2.18) lib/active_support/callbacks.rb:385:in `_run_process_action_callbacks'
  activesupport (3.2.18) lib/active_support/callbacks.rb:81:in `run_callbacks'
  actionpack (3.2.18) lib/abstract_controller/callbacks.rb:17:in `process_action'
  actionpack (3.2.18) lib/action_controller/metal/rescue.rb:29:in `process_action'
  actionpack (3.2.18) lib/action_controller/metal/instrumentation.rb:30:in `block in process_action'
  activesupport (3.2.18) lib/active_support/notifications.rb:123:in `block in instrument'
  activesupport (3.2.18) lib/active_support/notifications/instrumenter.rb:20:in `instrument'
  activesupport (3.2.18) lib/active_support/notifications.rb:123:in `instrument'
  actionpack (3.2.18) lib/action_controller/metal/instrumentation.rb:29:in `process_action'
  actionpack (3.2.18) lib/action_controller/metal/params_wrapper.rb:207:in `process_action'
  activerecord (3.2.18) lib/active_record/railties/controller_runtime.rb:18:in `process_action'
  actionpack (3.2.18) lib/abstract_controller/base.rb:121:in `process'
  actionpack (3.2.18) lib/abstract_controller/rendering.rb:45:in `process'
  actionpack (3.2.18) lib/action_controller/metal.rb:203:in `dispatch'
  actionpack (3.2.18) lib/action_controller/metal/rack_delegation.rb:14:in `dispatch'
  actionpack (3.2.18) lib/action_controller/metal.rb:246:in `block in action'
  actionpack (3.2.18) lib/action_dispatch/routing/route_set.rb:73:in `call'
  actionpack (3.2.18) lib/action_dispatch/routing/route_set.rb:73:in `dispatch'
  actionpack (3.2.18) lib/action_dispatch/routing/route_set.rb:36:in `call'
  journey (1.0.4) lib/journey/router.rb:68:in `block in call'
  journey (1.0.4) lib/journey/router.rb:56:in `each'
  journey (1.0.4) lib/journey/router.rb:56:in `call'
  actionpack (3.2.18) lib/action_dispatch/routing/route_set.rb:608:in `call'
  actionpack (3.2.18) lib/action_dispatch/middleware/best_standards_support.rb:17:in `call'
  rack (1.4.5) lib/rack/etag.rb:23:in `call'
  rack (1.4.5) lib/rack/conditionalget.rb:25:in `call'
  actionpack (3.2.18) lib/action_dispatch/middleware/head.rb:14:in `call'
  actionpack (3.2.18) lib/action_dispatch/middleware/params_parser.rb:21:in `call'
  actionpack (3.2.18) lib/action_dispatch/middleware/flash.rb:242:in `call'
  rack (1.4.5) lib/rack/session/abstract/id.rb:210:in `context'
  rack (1.4.5) lib/rack/session/abstract/id.rb:205:in `call'
  actionpack (3.2.18) lib/action_dispatch/middleware/cookies.rb:341:in `call'
  activerecord (3.2.18) lib/active_record/query_cache.rb:64:in `call'
  activerecord (3.2.18) lib/active_record/connection_adapters/abstract/connection_pool.rb:479:in `call'
  actionpack (3.2.18) lib/action_dispatch/middleware/callbacks.rb:28:in `block in call'
  activesupport (3.2.18) lib/active_support/callbacks.rb:405:in `_run__132287662985607431__call__4338702602682577427__callbacks'
  activesupport (3.2.18) lib/active_support/callbacks.rb:405:in `__run_callback'
  activesupport (3.2.18) lib/active_support/callbacks.rb:385:in `_run_call_callbacks'
  activesupport (3.2.18) lib/active_support/callbacks.rb:81:in `run_callbacks'
  actionpack (3.2.18) lib/action_dispatch/middleware/callbacks.rb:27:in `call'
  actionpack (3.2.18) lib/action_dispatch/middleware/reloader.rb:65:in `call'
  actionpack (3.2.18) lib/action_dispatch/middleware/remote_ip.rb:31:in `call'
  actionpack (3.2.18) lib/action_dispatch/middleware/debug_exceptions.rb:16:in `call'
  actionpack (3.2.18) lib/action_dispatch/middleware/show_exceptions.rb:56:in `call'
  railties (3.2.18) lib/rails/rack/logger.rb:32:in `call_app'
  railties (3.2.18) lib/rails/rack/logger.rb:16:in `block in call'
  activesupport (3.2.18) lib/active_support/tagged_logging.rb:22:in `tagged'
  railties (3.2.18) lib/rails/rack/logger.rb:16:in `call'
  actionpack (3.2.18) lib/action_dispatch/middleware/request_id.rb:22:in `call'
  rack (1.4.5) lib/rack/methodoverride.rb:21:in `call'
  rack (1.4.5) lib/rack/runtime.rb:17:in `call'
  activesupport (3.2.18) lib/active_support/cache/strategy/local_cache.rb:72:in `call'
  rack (1.4.5) lib/rack/lock.rb:15:in `call'
  actionpack (3.2.18) lib/action_dispatch/middleware/static.rb:63:in `call'
  railties (3.2.18) lib/rails/engine.rb:484:in `call'
  railties (3.2.18) lib/rails/application.rb:231:in `call'
  rack (1.4.5) lib/rack/content_length.rb:14:in `call'
  railties (3.2.18) lib/rails/rack/log_tailer.rb:17:in `call'
  rack (1.4.5) lib/rack/handler/webrick.rb:59:in `service'
  /opt/rh/ruby193/root/usr/share/ruby/webrick/httpserver.rb:138:in `service'
  /opt/rh/ruby193/root/usr/share/ruby/webrick/httpserver.rb:94:in `run'
  /opt/rh/ruby193/root/usr/share/ruby/webrick/server.rb:191:in `block in start_thread'


  Rendered /var/lib/stickshift/53794e38500446455700004e/app-root/data/lib/ruby/gems/gems/actionpack-3.2.18/lib/action_dispatch/middleware/templates/rescues/_trace.erb (2.3ms)
  Rendered /var/lib/stickshift/53794e38500446455700004e/app-root/data/lib/ruby/gems/gems/actionpack-3.2.18/lib/action_dispatch/middleware/templates/rescues/_request_and_response.erb (1.5ms)
  Rendered /var/lib/stickshift/53794e38500446455700004e/app-root/data/lib/ruby/gems/gems/actionpack-3.2.18/lib/action_dispatch/middleware/templates/rescues/template_error.erb within rescues/layout (28.6ms)


Started GET "/movies" for 127.6.60.1 at 2014-05-20 09:17:42 -0400
Processing by MoviesController#index as HTML
  [1m[35mMovie Load (0.4ms)[0m  SELECT "movies".* FROM "movies" 
  Rendered movies/index.html.haml within layouts/application (16.0ms)
Completed 200 OK in 38.7ms (Views: 36.4ms | ActiveRecord: 0.4ms)


Started GET "/assets/jquery_ujs.js?body=1" for 127.6.60.1 at 2014-05-20 09:17:42 -0400
Served asset /jquery_ujs.js - 304 Not Modified (0ms)


Started GET "/assets/application.js?body=1" for 127.6.60.1 at 2014-05-20 09:17:42 -0400
Served asset /application.js - 304 Not Modified (1ms)


Started GET "/assets/jquery.js?body=1" for 127.6.60.1 at 2014-05-20 09:17:43 -0400
Served asset /jquery.js - 304 Not Modified (1ms)


Started GET "/assets/application.css?body=1" for 127.6.60.1 at 2014-05-20 09:17:43 -0400
Served asset /application.css - 304 Not Modified (0ms)


Started GET "/movies?tipo_ordenacion=title" for 127.6.60.1 at 2014-05-20 09:17:46 -0400
Processing by MoviesController#index as HTML
  Parameters: {"tipo_ordenacion"=>"title"}
  [1m[36mMovie Load (0.3ms)[0m  [1mSELECT "movies".* FROM "movies" [0m
  Rendered movies/index.html.haml within layouts/application (5.2ms)
Completed 200 OK in 12.3ms (Views: 10.4ms | ActiveRecord: 0.3ms)


Started GET "/assets/jquery.js?body=1" for 127.6.60.1 at 2014-05-20 09:17:46 -0400
Served asset /jquery.js - 304 Not Modified (5ms)


Started GET "/assets/jquery_ujs.js?body=1" for 127.6.60.1 at 2014-05-20 09:17:46 -0400
Served asset /jquery_ujs.js - 304 Not Modified (0ms)


Started GET "/assets/application.css?body=1" for 127.6.60.1 at 2014-05-20 09:17:47 -0400
Served asset /application.css - 304 Not Modified (0ms)


Started GET "/assets/application.js?body=1" for 127.6.60.1 at 2014-05-20 09:17:47 -0400
Served asset /application.js - 304 Not Modified (4ms)


Started GET "/movies?tipo_ordenacion=title" for 127.6.60.1 at 2014-05-20 09:18:40 -0400
Processing by MoviesController#index as HTML
  Parameters: {"tipo_ordenacion"=>"title"}
  [1m[35mMovie Load (0.4ms)[0m  SELECT "movies".* FROM "movies" 
  Rendered movies/index.html.haml within layouts/application (10.4ms)
Completed 200 OK in 25.5ms (Views: 23.5ms | ActiveRecord: 0.4ms)


Started GET "/assets/jquery.js?body=1" for 127.6.60.1 at 2014-05-20 09:18:40 -0400
Served asset /jquery.js - 304 Not Modified (1ms)


Started GET "/assets/application.js?body=1" for 127.6.60.1 at 2014-05-20 09:18:40 -0400
Served asset /application.js - 304 Not Modified (1ms)


Started GET "/assets/application.css?body=1" for 127.6.60.1 at 2014-05-20 09:18:41 -0400
Served asset /application.css - 304 Not Modified (0ms)


Started GET "/assets/jquery_ujs.js?body=1" for 127.6.60.1 at 2014-05-20 09:18:41 -0400
Served asset /jquery_ujs.js - 304 Not Modified (0ms)


Started GET "/movies?tipo_ordenacion=release_date" for 127.6.60.1 at 2014-05-20 09:18:43 -0400
Processing by MoviesController#index as HTML
  Parameters: {"tipo_ordenacion"=>"release_date"}
  [1m[36mMovie Load (0.3ms)[0m  [1mSELECT "movies".* FROM "movies" [0m
  Rendered movies/index.html.haml within layouts/application (6.6ms)
Completed 200 OK in 15.0ms (Views: 12.4ms | ActiveRecord: 0.3ms)


Started GET "/assets/jquery.js?body=1" for 127.6.60.1 at 2014-05-20 09:18:43 -0400
Served asset /jquery.js - 304 Not Modified (5ms)


Started GET "/assets/application.js?body=1" for 127.6.60.1 at 2014-05-20 09:18:43 -0400
Served asset /application.js - 304 Not Modified (3ms)


Started GET "/assets/application.css?body=1" for 127.6.60.1 at 2014-05-20 09:18:44 -0400
Served asset /application.css - 304 Not Modified (0ms)


Started GET "/assets/jquery_ujs.js?body=1" for 127.6.60.1 at 2014-05-20 09:18:44 -0400
Served asset /jquery_ujs.js - 304 Not Modified (0ms)


Started GET "/movies?tipo_ordenacion=release_date" for 127.6.60.1 at 2014-05-20 09:23:14 -0400
Processing by MoviesController#index as HTML
  Parameters: {"tipo_ordenacion"=>"release_date"}
Completed 500 Internal Server Error in 14.3ms

NameError (undefined local variable or method `paramas' for #<MoviesController:0x007faa14331308>):
  app/controllers/movies_controller.rb:11:in `index'


  Rendered /var/lib/stickshift/53794e38500446455700004e/app-root/data/lib/ruby/gems/gems/actionpack-3.2.18/lib/action_dispatch/middleware/templates/rescues/_trace.erb (7.3ms)
  Rendered /var/lib/stickshift/53794e38500446455700004e/app-root/data/lib/ruby/gems/gems/actionpack-3.2.18/lib/action_dispatch/middleware/templates/rescues/_request_and_response.erb (1.6ms)
  Rendered /var/lib/stickshift/53794e38500446455700004e/app-root/data/lib/ruby/gems/gems/actionpack-3.2.18/lib/action_dispatch/middleware/templates/rescues/diagnostics.erb within rescues/layout (133.1ms)


Started GET "/movies?tipo_ordenacion=release_date" for 127.6.60.1 at 2014-05-20 09:23:32 -0400
Processing by MoviesController#index as HTML
  Parameters: {"tipo_ordenacion"=>"release_date"}
  [1m[35mMovie Load (22.3ms)[0m  SELECT "movies".* FROM "movies" 
  Rendered movies/index.html.haml within layouts/application (87.1ms)
Completed 200 OK in 332.2ms (Views: 153.8ms | ActiveRecord: 23.0ms)


Started GET "/assets/application.css?body=1" for 127.6.60.1 at 2014-05-20 09:23:33 -0400
Served asset /application.css - 304 Not Modified (0ms)


Started GET "/assets/jquery.js?body=1" for 127.6.60.1 at 2014-05-20 09:23:33 -0400
Served asset /jquery.js - 304 Not Modified (1ms)


Started GET "/assets/jquery_ujs.js?body=1" for 127.6.60.1 at 2014-05-20 09:23:34 -0400
Served asset /jquery_ujs.js - 304 Not Modified (0ms)


Started GET "/assets/application.js?body=1" for 127.6.60.1 at 2014-05-20 09:23:34 -0400
Served asset /application.js - 304 Not Modified (3ms)


Started GET "/movies?ordenacion_seleccionada=release_date" for 127.6.60.1 at 2014-05-20 09:23:38 -0400
Processing by MoviesController#index as HTML
  Parameters: {"ordenacion_seleccionada"=>"release_date"}
  [1m[36mMovie Load (32.3ms)[0m  [1mSELECT "movies".* FROM "movies" [0m
  Rendered movies/index.html.haml within layouts/application (80.9ms)
Completed 200 OK in 224.2ms (Views: 186.5ms | ActiveRecord: 32.3ms)


Started GET "/movies?ordenacion_seleccionada=title" for 127.6.60.1 at 2014-05-20 09:23:39 -0400
Processing by MoviesController#index as HTML
  Parameters: {"ordenacion_seleccionada"=>"title"}
  [1m[35mMovie Load (0.4ms)[0m  SELECT "movies".* FROM "movies" 
  Rendered movies/index.html.haml within layouts/application (416.4ms)
Completed 200 OK in 979.7ms (Views: 823.5ms | ActiveRecord: 0.4ms)


Started GET "/assets/jquery_ujs.js?body=1" for 127.6.60.1 at 2014-05-20 09:23:41 -0400
Served asset /jquery_ujs.js - 304 Not Modified (0ms)


Started GET "/assets/application.css?body=1" for 127.6.60.1 at 2014-05-20 09:23:41 -0400
Served asset /application.css - 304 Not Modified (0ms)


Started GET "/assets/application.js?body=1" for 127.6.60.1 at 2014-05-20 09:23:42 -0400
Served asset /application.js - 304 Not Modified (91ms)


Started GET "/assets/jquery.js?body=1" for 127.6.60.1 at 2014-05-20 09:23:42 -0400
Served asset /jquery.js - 304 Not Modified (142ms)


Started GET "/movies?ordenacion_seleccionada=title" for 127.6.60.1 at 2014-05-20 09:23:48 -0400
Processing by MoviesController#index as HTML
  Parameters: {"ordenacion_seleccionada"=>"title"}
  [1m[36mMovie Load (0.4ms)[0m  [1mSELECT "movies".* FROM "movies" [0m
  Rendered movies/index.html.haml within layouts/application (1044.9ms)
Completed 200 OK in 2436.7ms (Views: 2315.0ms | ActiveRecord: 0.4ms)


Started GET "/assets/application.js?body=1" for 127.6.60.1 at 2014-05-20 09:23:52 -0400
Served asset /application.js - 304 Not Modified (380ms)


Started GET "/assets/jquery_ujs.js?body=1" for 127.6.60.1 at 2014-05-20 09:23:52 -0400
Served asset /jquery_ujs.js - 304 Not Modified (34ms)


Started GET "/assets/jquery.js?body=1" for 127.6.60.1 at 2014-05-20 09:23:53 -0400
Served asset /jquery.js - 304 Not Modified (75ms)


Started GET "/assets/application.css?body=1" for 127.6.60.1 at 2014-05-20 09:23:53 -0400
Served asset /application.css - 304 Not Modified (151ms)


Started GET "/movies?ordenacion_seleccionada=release_date" for 127.6.60.1 at 2014-05-20 09:23:56 -0400
Processing by MoviesController#index as HTML
  Parameters: {"ordenacion_seleccionada"=>"release_date"}
  [1m[35mMovie Load (63.3ms)[0m  SELECT "movies".* FROM "movies" 
  Rendered movies/index.html.haml within layouts/application (823.3ms)
Completed 200 OK in 1546.8ms (Views: 1295.7ms | ActiveRecord: 63.3ms)


Started GET "/assets/jquery_ujs.js?body=1" for 127.6.60.1 at 2014-05-20 09:23:59 -0400
Served asset /jquery_ujs.js - 304 Not Modified (30ms)


Started GET "/assets/application.css?body=1" for 127.6.60.1 at 2014-05-20 09:23:59 -0400
Served asset /application.css - 304 Not Modified (8ms)


Started GET "/assets/jquery.js?body=1" for 127.6.60.1 at 2014-05-20 09:24:00 -0400
Served asset /jquery.js - 304 Not Modified (1136ms)


Started GET "/assets/application.js?body=1" for 127.6.60.1 at 2014-05-20 09:24:01 -0400
Served asset /application.js - 304 Not Modified (49ms)


Started GET "/movies?ordenacion_seleccionada=title" for 127.6.60.1 at 2014-05-20 09:26:56 -0400
Processing by MoviesController#index as HTML
  Parameters: {"ordenacion_seleccionada"=>"title"}
  [1m[36mMovie Load (0.3ms)[0m  [1mSELECT "movies".* FROM "movies" [0m
  Rendered movies/index.html.haml within layouts/application (5.5ms)
Completed 200 OK in 14.2ms (Views: 11.4ms | ActiveRecord: 0.3ms)


Started GET "/assets/application.js?body=1" for 127.6.60.1 at 2014-05-20 09:26:57 -0400
Served asset /application.js - 304 Not Modified (1ms)


Started GET "/assets/jquery_ujs.js?body=1" for 127.6.60.1 at 2014-05-20 09:26:57 -0400
Served asset /jquery_ujs.js - 304 Not Modified (0ms)


Started GET "/assets/jquery.js?body=1" for 127.6.60.1 at 2014-05-20 09:26:58 -0400
Served asset /jquery.js - 304 Not Modified (3ms)


Started GET "/assets/application.css?body=1" for 127.6.60.1 at 2014-05-20 09:26:58 -0400
Served asset /application.css - 304 Not Modified (0ms)


Started GET "/movies?ordenacion_seleccionada=title" for 127.6.60.1 at 2014-05-20 09:29:08 -0400
Processing by MoviesController#index as HTML
  Parameters: {"ordenacion_seleccionada"=>"title"}
  [1m[35mMovie Load (0.3ms)[0m  SELECT "movies".* FROM "movies" 
  Rendered movies/index.html.haml within layouts/application (11.4ms)
Completed 200 OK in 102.2ms (Views: 77.5ms | ActiveRecord: 1.3ms)


Started GET "/assets/application.js?body=1" for 127.6.60.1 at 2014-05-20 09:29:09 -0400
Served asset /application.js - 304 Not Modified (4ms)


Started GET "/assets/application.css?body=1" for 127.6.60.1 at 2014-05-20 09:29:09 -0400
Served asset /application.css - 304 Not Modified (0ms)


Started GET "/assets/jquery.js?body=1" for 127.6.60.1 at 2014-05-20 09:29:10 -0400
Served asset /jquery.js - 304 Not Modified (1ms)


Started GET "/assets/jquery_ujs.js?body=1" for 127.6.60.1 at 2014-05-20 09:29:10 -0400
Served asset /jquery_ujs.js - 304 Not Modified (0ms)


Started GET "/movies?ordenacion_seleccionada=porTitulo" for 127.6.60.1 at 2014-05-20 09:29:41 -0400
Processing by MoviesController#index as HTML
  Parameters: {"ordenacion_seleccionada"=>"porTitulo"}
  [1m[36mMovie Load (0.5ms)[0m  [1mSELECT "movies".* FROM "movies" ORDER BY title ASC[0m
  Rendered movies/index.html.haml within layouts/application (8.8ms)
Completed 200 OK in 15.8ms (Views: 14.7ms | ActiveRecord: 0.5ms)


Started GET "/assets/jquery_ujs.js?body=1" for 127.6.60.1 at 2014-05-20 09:29:42 -0400
Served asset /jquery_ujs.js - 304 Not Modified (0ms)


Started GET "/assets/application.css?body=1" for 127.6.60.1 at 2014-05-20 09:29:42 -0400
Served asset /application.css - 304 Not Modified (0ms)


Started GET "/assets/jquery.js?body=1" for 127.6.60.1 at 2014-05-20 09:29:42 -0400
Served asset /jquery.js - 304 Not Modified (1ms)


Started GET "/assets/application.js?body=1" for 127.6.60.1 at 2014-05-20 09:29:42 -0400
Served asset /application.js - 304 Not Modified (2ms)


Started GET "/movies?ordenacion_seleccionada=porFecha" for 127.6.60.1 at 2014-05-20 09:29:50 -0400
Processing by MoviesController#index as HTML
  Parameters: {"ordenacion_seleccionada"=>"porFecha"}
  [1m[35mMovie Load (0.4ms)[0m  SELECT "movies".* FROM "movies" 
  Rendered movies/index.html.haml within layouts/application (6.8ms)
Completed 200 OK in 28.0ms (Views: 25.9ms | ActiveRecord: 0.4ms)


Started GET "/assets/application.js?body=1" for 127.6.60.1 at 2014-05-20 09:29:50 -0400
Served asset /application.js - 304 Not Modified (1ms)


Started GET "/assets/jquery_ujs.js?body=1" for 127.6.60.1 at 2014-05-20 09:29:50 -0400
Served asset /jquery_ujs.js - 304 Not Modified (0ms)


Started GET "/assets/jquery.js?body=1" for 127.6.60.1 at 2014-05-20 09:29:51 -0400
Served asset /jquery.js - 304 Not Modified (1ms)


Started GET "/assets/application.css?body=1" for 127.6.60.1 at 2014-05-20 09:29:51 -0400
Served asset /application.css - 304 Not Modified (0ms)


Started GET "/movies?ordenacion_seleccionada=porFecha" for 127.6.60.1 at 2014-05-20 09:33:33 -0400
Processing by MoviesController#index as HTML
  Parameters: {"ordenacion_seleccionada"=>"porFecha"}
  [1m[36mMovie Load (0.4ms)[0m  [1mSELECT "movies".* FROM "movies" ORDER BY release_date ASC[0m
  Rendered movies/index.html.haml within layouts/application (38.2ms)
Completed 200 OK in 105.3ms (Views: 96.4ms | ActiveRecord: 7.4ms)


Started GET "/assets/jquery_ujs.js?body=1" for 127.6.60.1 at 2014-05-20 09:33:36 -0400
Served asset /jquery_ujs.js - 304 Not Modified (0ms)


Started GET "/assets/application.css?body=1" for 127.6.60.1 at 2014-05-20 09:33:36 -0400
Served asset /application.css - 304 Not Modified (0ms)


Started GET "/assets/application.js?body=1" for 127.6.60.1 at 2014-05-20 09:33:37 -0400
Served asset /application.js - 304 Not Modified (1ms)


Started GET "/assets/jquery.js?body=1" for 127.6.60.1 at 2014-05-20 09:33:37 -0400
Served asset /jquery.js - 304 Not Modified (1ms)


Started GET "/movies?ordenacion_seleccionada=porFecha" for 127.6.60.1 at 2014-05-20 09:34:05 -0400
Processing by MoviesController#index as HTML
  Parameters: {"ordenacion_seleccionada"=>"porFecha"}
  [1m[35mMovie Load (0.4ms)[0m  SELECT "movies".* FROM "movies" ORDER BY release_date ASC
  Rendered movies/index.html.haml within layouts/application (8.3ms)
Completed 200 OK in 19.9ms (Views: 19.0ms | ActiveRecord: 0.4ms)


Started GET "/assets/jquery.js?body=1" for 127.6.60.1 at 2014-05-20 09:34:06 -0400
Served asset /jquery.js - 304 Not Modified (2ms)


Started GET "/assets/application.js?body=1" for 127.6.60.1 at 2014-05-20 09:34:06 -0400
Served asset /application.js - 304 Not Modified (6ms)


Started GET "/assets/jquery_ujs.js?body=1" for 127.6.60.1 at 2014-05-20 09:34:07 -0400
Served asset /jquery_ujs.js - 304 Not Modified (0ms)


Started GET "/assets/application.css?body=1" for 127.6.60.1 at 2014-05-20 09:34:07 -0400
Served asset /application.css - 304 Not Modified (3ms)


Started GET "/movies?ordenacion_seleccionada=porTitulo" for 127.6.60.1 at 2014-05-20 09:34:14 -0400
Processing by MoviesController#index as HTML
  Parameters: {"ordenacion_seleccionada"=>"porTitulo"}
  [1m[36mMovie Load (17.1ms)[0m  [1mSELECT "movies".* FROM "movies" ORDER BY title ASC[0m
  Rendered movies/index.html.haml within layouts/application (223.0ms)
Completed 200 OK in 281.7ms (Views: 264.0ms | ActiveRecord: 17.1ms)


Started GET "/assets/application.js?body=1" for 127.6.60.1 at 2014-05-20 09:34:15 -0400
Served asset /application.js - 304 Not Modified (21ms)


Started GET "/assets/jquery.js?body=1" for 127.6.60.1 at 2014-05-20 09:34:15 -0400
Served asset /jquery.js - 304 Not Modified (12ms)


Started GET "/assets/jquery_ujs.js?body=1" for 127.6.60.1 at 2014-05-20 09:34:15 -0400
Served asset /jquery_ujs.js - 304 Not Modified (0ms)


Started GET "/assets/application.css?body=1" for 127.6.60.1 at 2014-05-20 09:34:16 -0400
Served asset /application.css - 304 Not Modified (0ms)


Started GET "/movies?ordenacion_seleccionada=porFecha" for 127.6.60.1 at 2014-05-20 09:34:22 -0400
Processing by MoviesController#index as HTML
  Parameters: {"ordenacion_seleccionada"=>"porFecha"}
  [1m[35mMovie Load (0.4ms)[0m  SELECT "movies".* FROM "movies" ORDER BY release_date ASC
  Rendered movies/index.html.haml within layouts/application (32.3ms)
Completed 200 OK in 60.3ms (Views: 59.5ms | ActiveRecord: 0.4ms)


Started GET "/assets/application.css?body=1" for 127.6.60.1 at 2014-05-20 09:34:22 -0400
Served asset /application.css - 304 Not Modified (0ms)


Started GET "/assets/jquery_ujs.js?body=1" for 127.6.60.1 at 2014-05-20 09:34:22 -0400
Served asset /jquery_ujs.js - 304 Not Modified (0ms)


Started GET "/assets/application.js?body=1" for 127.6.60.1 at 2014-05-20 09:34:23 -0400
Served asset /application.js - 304 Not Modified (3ms)


Started GET "/assets/jquery.js?body=1" for 127.6.60.1 at 2014-05-20 09:34:23 -0400
Served asset /jquery.js - 304 Not Modified (4ms)


Started GET "/movies?ordenacion_seleccionada=porFecha" for 127.6.60.1 at 2014-05-20 09:37:01 -0400
Processing by MoviesController#index as HTML
  Parameters: {"ordenacion_seleccionada"=>"porFecha"}
  [1m[36mMovie Load (0.3ms)[0m  [1mSELECT "movies".* FROM "movies" ORDER BY release_date ASC[0m
  Rendered movies/index.html.haml within layouts/application (78.0ms)
Completed 200 OK in 136.6ms (Views: 134.3ms | ActiveRecord: 1.1ms)


Started GET "/assets/jquery.js?body=1" for 127.6.60.1 at 2014-05-20 09:37:02 -0400
Served asset /jquery.js - 304 Not Modified (24ms)


Started GET "/assets/application.css?body=1" for 127.6.60.1 at 2014-05-20 09:37:02 -0400
Served asset /application.css - 304 Not Modified (0ms)


Started GET "/assets/application.js?body=1" for 127.6.60.1 at 2014-05-20 09:37:03 -0400
Served asset /application.js - 304 Not Modified (11ms)


Started GET "/assets/jquery_ujs.js?body=1" for 127.6.60.1 at 2014-05-20 09:37:03 -0400
Served asset /jquery_ujs.js - 304 Not Modified (160ms)


Started GET "/movies?ordenacion_seleccionada=porTitulo" for 127.6.60.1 at 2014-05-20 09:37:05 -0400
Processing by MoviesController#index as HTML
  Parameters: {"ordenacion_seleccionada"=>"porTitulo"}
  [1m[35mMovie Load (0.5ms)[0m  SELECT "movies".* FROM "movies" ORDER BY title ASC
  Rendered movies/index.html.haml within layouts/application (101.1ms)
Completed 200 OK in 217.9ms (Views: 204.6ms | ActiveRecord: 0.5ms)


Started GET "/assets/application.css?body=1" for 127.6.60.1 at 2014-05-20 09:37:05 -0400
Served asset /application.css - 304 Not Modified (67ms)


Started GET "/assets/jquery_ujs.js?body=1" for 127.6.60.1 at 2014-05-20 09:37:06 -0400
Served asset /jquery_ujs.js - 304 Not Modified (18ms)


Started GET "/assets/jquery.js?body=1" for 127.6.60.1 at 2014-05-20 09:37:06 -0400
Served asset /jquery.js - 304 Not Modified (11ms)


Started GET "/assets/application.js?body=1" for 127.6.60.1 at 2014-05-20 09:37:06 -0400
Served asset /application.js - 304 Not Modified (9ms)


Started GET "/movies?ordenacion_seleccionada=porFecha" for 127.6.60.1 at 2014-05-20 09:37:09 -0400
Processing by MoviesController#index as HTML
  Parameters: {"ordenacion_seleccionada"=>"porFecha"}
  [1m[36mMovie Load (0.5ms)[0m  [1mSELECT "movies".* FROM "movies" ORDER BY release_date ASC[0m
  Rendered movies/index.html.haml within layouts/application (66.4ms)
Completed 200 OK in 151.1ms (Views: 150.1ms | ActiveRecord: 0.5ms)


Started GET "/assets/jquery.js?body=1" for 127.6.60.1 at 2014-05-20 09:37:10 -0400
Served asset /jquery.js - 304 Not Modified (2ms)


Started GET "/assets/application.js?body=1" for 127.6.60.1 at 2014-05-20 09:37:10 -0400
Served asset /application.js - 304 Not Modified (7ms)


Started GET "/assets/application.css?body=1" for 127.6.60.1 at 2014-05-20 09:37:11 -0400
Served asset /application.css - 304 Not Modified (0ms)


Started GET "/assets/jquery_ujs.js?body=1" for 127.6.60.1 at 2014-05-20 09:37:11 -0400
Served asset /jquery_ujs.js - 304 Not Modified (0ms)


Started GET "/movies?ordenacion_seleccionada=porFecha" for 127.6.60.1 at 2014-05-20 09:37:52 -0400
Processing by MoviesController#index as HTML
  Parameters: {"ordenacion_seleccionada"=>"porFecha"}
  [1m[35mMovie Load (0.5ms)[0m  SELECT "movies".* FROM "movies" ORDER BY release_date ASC
  Rendered movies/index.html.haml within layouts/application (72.9ms)
Completed 200 OK in 102.3ms (Views: 87.9ms | ActiveRecord: 1.4ms)


Started GET "/assets/jquery.js?body=1" for 127.6.60.1 at 2014-05-20 09:37:52 -0400
Served asset /jquery.js - 304 Not Modified (1ms)


Started GET "/assets/application.css?body=1" for 127.6.60.1 at 2014-05-20 09:37:52 -0400
Served asset /application.css - 304 Not Modified (0ms)


Started GET "/assets/jquery_ujs.js?body=1" for 127.6.60.1 at 2014-05-20 09:37:53 -0400
Served asset /jquery_ujs.js - 304 Not Modified (0ms)


Started GET "/assets/application.js?body=1" for 127.6.60.1 at 2014-05-20 09:37:53 -0400
Served asset /application.js - 304 Not Modified (1ms)


Started GET "/movies?ordenacion_seleccionada=porTitulo" for 127.6.60.1 at 2014-05-20 09:37:55 -0400
Processing by MoviesController#index as HTML
  Parameters: {"ordenacion_seleccionada"=>"porTitulo"}
  [1m[36mMovie Load (0.4ms)[0m  [1mSELECT "movies".* FROM "movies" ORDER BY title ASC[0m
  Rendered movies/index.html.haml within layouts/application (20.8ms)
Completed 200 OK in 73.0ms (Views: 72.2ms | ActiveRecord: 0.4ms)


Started GET "/assets/application.css?body=1" for 127.6.60.1 at 2014-05-20 09:37:56 -0400
Served asset /application.css - 304 Not Modified (0ms)


Started GET "/assets/application.js?body=1" for 127.6.60.1 at 2014-05-20 09:37:56 -0400
Served asset /application.js - 304 Not Modified (2ms)


Started GET "/assets/jquery.js?body=1" for 127.6.60.1 at 2014-05-20 09:37:56 -0400
Served asset /jquery.js - 304 Not Modified (1ms)


Started GET "/assets/jquery_ujs.js?body=1" for 127.6.60.1 at 2014-05-20 09:37:56 -0400
Served asset /jquery_ujs.js - 304 Not Modified (0ms)


Started GET "/movies?ordenacion_seleccionada=porFecha" for 127.6.60.1 at 2014-05-20 09:37:59 -0400
Processing by MoviesController#index as HTML
  Parameters: {"ordenacion_seleccionada"=>"porFecha"}
  [1m[35mMovie Load (4.2ms)[0m  SELECT "movies".* FROM "movies" ORDER BY release_date ASC
  Rendered movies/index.html.haml within layouts/application (35.5ms)
Completed 200 OK in 83.9ms (Views: 68.6ms | ActiveRecord: 4.2ms)


Started GET "/assets/jquery_ujs.js?body=1" for 127.6.60.1 at 2014-05-20 09:37:59 -0400
Served asset /jquery_ujs.js - 304 Not Modified (6ms)


Started GET "/assets/jquery.js?body=1" for 127.6.60.1 at 2014-05-20 09:37:59 -0400
Served asset /jquery.js - 304 Not Modified (29ms)


Started GET "/assets/application.js?body=1" for 127.6.60.1 at 2014-05-20 09:38:00 -0400
Served asset /application.js - 304 Not Modified (10ms)


Started GET "/assets/application.css?body=1" for 127.6.60.1 at 2014-05-20 09:38:00 -0400
Served asset /application.css - 304 Not Modified (0ms)


Started GET "/movies?ordenacion_seleccionada=porTitulo" for 127.6.60.1 at 2014-05-20 09:38:03 -0400
Processing by MoviesController#index as HTML
  Parameters: {"ordenacion_seleccionada"=>"porTitulo"}
  [1m[36mMovie Load (0.4ms)[0m  [1mSELECT "movies".* FROM "movies" ORDER BY title ASC[0m
  Rendered movies/index.html.haml within layouts/application (21.9ms)
Completed 200 OK in 39.6ms (Views: 38.7ms | ActiveRecord: 0.4ms)


Started GET "/assets/jquery.js?body=1" for 127.6.60.1 at 2014-05-20 09:38:03 -0400
Served asset /jquery.js - 304 Not Modified (4ms)


Started GET "/assets/application.css?body=1" for 127.6.60.1 at 2014-05-20 09:38:03 -0400
Served asset /application.css - 304 Not Modified (0ms)


Started GET "/assets/application.js?body=1" for 127.6.60.1 at 2014-05-20 09:38:04 -0400
Served asset /application.js - 304 Not Modified (4ms)


Started GET "/assets/jquery_ujs.js?body=1" for 127.6.60.1 at 2014-05-20 09:38:04 -0400
Served asset /jquery_ujs.js - 304 Not Modified (0ms)


Started GET "/movies?ordenacion_seleccionada=porTitulo" for 127.6.60.1 at 2014-05-20 10:00:45 -0400
Processing by MoviesController#index as HTML
  Parameters: {"ordenacion_seleccionada"=>"porTitulo"}
  [1m[35mMovie Load (0.5ms)[0m  SELECT "movies".* FROM "movies" ORDER BY title ASC
  Rendered movies/index.html.haml within layouts/application (22.3ms)
Completed 200 OK in 99.5ms (Views: 98.5ms | ActiveRecord: 0.5ms)


Started GET "/assets/application.css?body=1" for 127.6.60.1 at 2014-05-20 10:00:46 -0400
Served asset /application.css - 304 Not Modified (0ms)
